#
# A fatal error has been detected by the Java Runtime Environment:
#
#  SIGSEGV (0xb) at pc=0x00007f68526e99d7, pid=13460, tid=0x00007f6853dde700
#
# JRE version: OpenJDK Runtime Environment (8.0_222-b10) (build 1.8.0_222-8u222-b10-1ubuntu1~16.04.1-b10)
# Java VM: OpenJDK 64-Bit Server VM (25.222-b10 mixed mode linux-amd64 compressed oops)
# Problematic frame:
# V  [libjvm.so+0x6849d7]
#
# Failed to write core dump. Core dumps have been disabled. To enable core dumping, try "ulimit -c unlimited" before starting Java again
#
# If you would like to submit a bug report, please visit:
#   http://bugreport.java.com/bugreport/crash.jsp
#

---------------  T H R E A D  ---------------

Current thread (0x00007f684c00a800):  JavaThread "main" [_thread_in_vm, id=13461, stack(0x00007f6853cde000,0x00007f6853ddf000)]

siginfo: si_signo: 11 (SIGSEGV), si_code: 1 (SEGV_MAPERR), si_addr: 0x0000000000000000

Registers:
RAX=0x00007f6852b3d708, RBX=0x00007f684c00a800, RCX=0x00007f6853ddd7c0, RDX=0x00007f684c00b138
RSP=0x00007f6853ddd6c0, RBP=0x00007f6853ddd780, RSI=0x00007f684c0754d0, RDI=0x00007f684c00a800
R8 =0x0000000000000000, R9 =0x00000000000000af, R10=0x0000000000000000, R11=0xfffffffffffffffd
R12=0x00007f684c00a9e0, R13=0x0000000000000000, R14=0x00007f6853ddd9a0, R15=0x00007f6853ddd7c0
RIP=0x00007f68526e99d7, EFLAGS=0x0000000000010202, CSGSFS=0x0000000000000033, ERR=0x0000000000000004
  TRAPNO=0x000000000000000e

Top of Stack: (sp=0x00007f6853ddd6c0)
0x00007f6853ddd6c0:   000000000000000e 00007f684c0754d0
0x00007f6853ddd6d0:   0000000000000000 00007f6853c41af0
0x00007f6853ddd6e0:   00007f684c00a800 00007f684c00b130
0x00007f6853ddd6f0:   00007f680000064f 00007f6852b3d708
0x00007f6853ddd700:   00007f6853ddd760 00007f6853ddd6b0
0x00007f6853ddd710:   00007f6853ddd6f8 0000000800000002
0x00007f6853ddd720:   000000003c5fe301 f1e601e684666900
0x00007f6853ddd730:   00007f6853ddd760 00007f6853c41af0
0x00007f6853ddd740:   00007f6853ddd7a0 f1e601e684666900
0x00007f6853ddd750:   0000000000000000 00007f683c9fe598
0x00007f6853ddd760:   0000000000000000 00007f683c9fe590
0x00007f6853ddd770:   00007f6853ddd9a0 00007f684c00a800
0x00007f6853ddd780:   00007f6853ddd890 00007f6836c6a38b
0x00007f6853ddd790:   0000000000000000 0000000000000000
0x00007f6853ddd7a0:   00007f684c0754d0 00007f684c00a9e0
0x00007f6853ddd7b0:   ffffff0000000000 f1e601e684666900
0x00007f6853ddd7c0:   0000003000000018 00007f6853ddd8a0
0x00007f6853ddd7d0:   00007f6853ddd7e0 f1e601e684666900
0x00007f6853ddd7e0:   00007f684c00a800 00007f684c00a800
0x00007f6853ddd7f0:   00007f6853ddd860 00007f684c0754d0
0x00007f6853ddd800:   0000000000000000 00000000000000af
0x00007f6853ddd810:   00007f6853ddd870 00007f68526e3278
0x00007f6853ddd820:   00007f684c00a800 f1e601e684666900
0x00007f6853ddd830:   00007f6853ddd840 00007f683c9fe598
0x00007f6853ddd840:   0000000000000000 00007f683c9fe590
0x00007f6853ddd850:   00007f6853ddd9a0 00007f684c00a800
0x00007f6853ddd860:   00007f6853ddd890 00007f6836c6a2c2
0x00007f6853ddd870:   00007f6836c6a522 00007f6836c6a537
0x00007f6853ddd880:   00007f684c0754d8 00007f684c00a9e0
0x00007f6853ddd890:   00007f6853ddd910 00007f6836c6a17c
0x00007f6853ddd8a0:   00007f684c00a800 00007f6853ddd998
0x00007f6853ddd8b0:   00007f6853ddd9a0 00007f684c00a9e0 

Instructions: (pc=0x00007f68526e99d7)
0x00007f68526e99b7:   89 9d 60 ff ff ff 48 c7 85 68 ff ff ff 00 00 00
0x00007f68526e99c7:   00 74 0c 48 8d bd 60 ff ff ff e8 7a 88 29 00 90
0x00007f68526e99d7:   49 8b 45 00 c7 85 50 ff ff ff 0c 00 00 00 4c 8d
0x00007f68526e99e7:   75 80 4c 89 f7 48 8b 40 08 0f b7 50 24 48 8b 40 

Register to memory mapping:

RAX=0x00007f6852b3d708: <offset 0xad8708> in /usr/lib/jvm/java-8-openjdk-amd64/jre/lib/amd64/server/libjvm.so at 0x00007f6852065000
RBX=0x00007f684c00a800 is a thread
RCX=0x00007f6853ddd7c0 is pointing into the stack for thread: 0x00007f684c00a800
RDX=0x00007f684c00b138 is an unknown value
RSP=0x00007f6853ddd6c0 is pointing into the stack for thread: 0x00007f684c00a800
RBP=0x00007f6853ddd780 is pointing into the stack for thread: 0x00007f684c00a800
RSI=0x00007f684c0754d0 is an unknown value
RDI=0x00007f684c00a800 is a thread
R8 =0x0000000000000000 is an unknown value
R9 =0x00000000000000af is an unknown value
R10=0x0000000000000000 is an unknown value
R11=0xfffffffffffffffd is an unknown value
R12=0x00007f684c00a9e0 is an unknown value
R13=0x0000000000000000 is an unknown value
R14=0x00007f6853ddd9a0 is pointing into the stack for thread: 0x00007f684c00a800
R15=0x00007f6853ddd7c0 is pointing into the stack for thread: 0x00007f684c00a800


Stack: [0x00007f6853cde000,0x00007f6853ddf000],  sp=0x00007f6853ddd6c0,  free space=1021k
Native frames: (J=compiled Java code, j=interpreted, Vv=VM code, C=native code)
V  [libjvm.so+0x6849d7]
C  [libHello.so+0x138b]  JNIEnv_::CallObjectMethod(_jobject*, _jmethodID*, ...)+0xc7
C  [libHello.so+0x117c]  Java_Hello_jniLoadObject+0x1b4
j  Hello.jniLoadObject(Ljava/lang/Object;)V+0
j  Hello.main([Ljava/lang/String;)V+40
v  ~StubRoutines::call_stub
V  [libjvm.so+0x6685d0]
V  [libjvm.so+0x68b07e]
V  [libjvm.so+0x68d9af]
C  [libjli.so+0x34e2]
C  [libjli.so+0x737d]
C  [libpthread.so.0+0x76ba]  start_thread+0xca

Java frames: (J=compiled Java code, j=interpreted, Vv=VM code)
j  Hello.jniLoadObject(Ljava/lang/Object;)V+0
j  Hello.main([Ljava/lang/String;)V+40
v  ~StubRoutines::call_stub

---------------  P R O C E S S  ---------------

Java Threads: ( => current thread )
  0x00007f684c0c3800 JavaThread "Service Thread" daemon [_thread_blocked, id=13470, stack(0x00007f6836f6d000,0x00007f683706e000)]
  0x00007f684c0b6800 JavaThread "C1 CompilerThread1" daemon [_thread_blocked, id=13469, stack(0x00007f683706e000,0x00007f683716f000)]
  0x00007f684c0b4000 JavaThread "C2 CompilerThread0" daemon [_thread_blocked, id=13468, stack(0x00007f683716f000,0x00007f6837270000)]
  0x00007f684c0b2800 JavaThread "Signal Dispatcher" daemon [_thread_blocked, id=13467, stack(0x00007f6837270000,0x00007f6837371000)]
  0x00007f684c080000 JavaThread "Finalizer" daemon [_thread_blocked, id=13466, stack(0x00007f6837509000,0x00007f683760a000)]
  0x00007f684c07d800 JavaThread "Reference Handler" daemon [_thread_blocked, id=13465, stack(0x00007f683760a000,0x00007f683770b000)]
=>0x00007f684c00a800 JavaThread "main" [_thread_in_vm, id=13461, stack(0x00007f6853cde000,0x00007f6853ddf000)]

Other Threads:
  0x00007f684c074000 VMThread [stack: 0x00007f683770b000,0x00007f683780c000] [id=13464]
  0x00007f684c0c6000 WatcherThread [stack: 0x00007f6836e6c000,0x00007f6836f6d000] [id=13471]

VM state:not at safepoint (normal execution)

VM Mutex/Monitor currently owned by a thread: None

heap address: 0x00000000c2400000, size: 988 MB, Compressed Oops mode: 32-bit
Narrow klass base: 0x0000000000000000, Narrow klass shift: 3
Compressed class space size: 1073741824 Address: 0x0000000100000000

Heap:
 PSYoungGen      total 18432K, used 635K [0x00000000eb700000, 0x00000000ecb80000, 0x0000000100000000)
  eden space 15872K, 4% used [0x00000000eb700000,0x00000000eb79ec60,0x00000000ec680000)
  from space 2560K, 0% used [0x00000000ec900000,0x00000000ec900000,0x00000000ecb80000)
  to   space 2560K, 0% used [0x00000000ec680000,0x00000000ec680000,0x00000000ec900000)
 ParOldGen       total 42496K, used 0K [0x00000000c2400000, 0x00000000c4d80000, 0x00000000eb700000)
  object space 42496K, 0% used [0x00000000c2400000,0x00000000c2400000,0x00000000c4d80000)
 Metaspace       used 2564K, capacity 4486K, committed 4864K, reserved 1056768K
  class space    used 270K, capacity 386K, committed 512K, reserved 1048576K

Card table byte_map: [0x00007f6850188000,0x00007f6850377000] byte_map_base: 0x00007f684fb76000

Marking Bits: (ParMarkBitMap*) 0x00007f6852f98540
 Begin Bits: [0x00007f6832f1e000, 0x00007f6833e8e000)
 End Bits:   [0x00007f6833e8e000, 0x00007f6834dfe000)

Polling page: 0x00007f6853deb000

CodeCache: size=245760Kb used=1085Kb max_used=1085Kb free=244674Kb
 bounds [0x00007f683d000000, 0x00007f683d270000, 0x00007f684c000000]
 total_blobs=245 nmethods=15 adapters=147
 compilation: enabled

Compilation events (10 events):
Event: 0.136 Thread 0x00007f684c0b6800 nmethod 10 0x00007f683d10c450 code [0x00007f683d10c5e0, 0x00007f683d10ca38]
Event: 0.136 Thread 0x00007f684c0b6800   11       1       java.lang.ref.Reference::get (5 bytes)
Event: 0.137 Thread 0x00007f684c0b6800 nmethod 11 0x00007f683d10cbd0 code [0x00007f683d10cd20, 0x00007f683d10ce30]
Event: 0.138 Thread 0x00007f684c0b6800   12       1       java.lang.ThreadLocal::access$400 (5 bytes)
Event: 0.138 Thread 0x00007f684c0b6800 nmethod 12 0x00007f683d10ce90 code [0x00007f683d10cfe0, 0x00007f683d10d0d0]
Event: 0.144 Thread 0x00007f684c0b6800   13       3       java.lang.AbstractStringBuilder::append (50 bytes)
Event: 0.146 Thread 0x00007f684c0b6800 nmethod 13 0x00007f683d10d150 code [0x00007f683d10d320, 0x00007f683d10da58]
Event: 0.146 Thread 0x00007f684c0b6800   14       3       java.lang.String::getChars (62 bytes)
Event: 0.146 Thread 0x00007f684c0b6800 nmethod 14 0x00007f683d10dd50 code [0x00007f683d10df00, 0x00007f683d10e338]
Event: 0.151 Thread 0x00007f684c0b6800   15       3       sun.nio.cs.UTF_8$Encoder::encode (359 bytes)

GC Heap History (0 events):
No events

Deoptimization events (0 events):
No events

Classes redefined (0 events):
No events

Internal exceptions (3 events):
Event: 0.045 Thread 0x00007f684c00a800 Exception <a 'java/lang/NoSuchMethodError': Method sun.misc.Unsafe.defineClass(Ljava/lang/String;[BII)Ljava/lang/Class; name or signature does not match> (0x00000000eb707cb8) thrown at [/build/openjdk-8-g3XteX/openjdk-8-8u222-b10/src/hotspot/src/share/vm/
Event: 0.045 Thread 0x00007f684c00a800 Exception <a 'java/lang/NoSuchMethodError': Method sun.misc.Unsafe.prefetchRead(Ljava/lang/Object;J)V name or signature does not match> (0x00000000eb707fa0) thrown at [/build/openjdk-8-g3XteX/openjdk-8-8u222-b10/src/hotspot/src/share/vm/prims/jni.cpp, lin
Event: 0.153 Thread 0x00007f684c00a800 Exception <a 'java/lang/NoSuchMethodError': get> (0x00000000eb75fa10) thrown at [/build/openjdk-8-g3XteX/openjdk-8-8u222-b10/src/hotspot/src/share/vm/prims/jni.cpp, line 1615]

Events (10 events):
Event: 0.150 loading class java/nio/charset/CoderResult
Event: 0.150 loading class java/nio/charset/CoderResult done
Event: 0.150 loading class java/nio/charset/CoderResult$1
Event: 0.150 loading class java/nio/charset/CoderResult$Cache
Event: 0.150 loading class java/nio/charset/CoderResult$Cache done
Event: 0.150 loading class java/nio/charset/CoderResult$1 done
Event: 0.150 loading class java/nio/charset/CoderResult$2
Event: 0.150 loading class java/nio/charset/CoderResult$2 done
Event: 0.151 loading class Test
Event: 0.151 loading class Test done


Dynamic libraries:
00400000-00401000 r-xp 00000000 fd:01 659370                             /usr/lib/jvm/java-8-openjdk-amd64/jre/bin/java
00600000-00601000 r--p 00000000 fd:01 659370                             /usr/lib/jvm/java-8-openjdk-amd64/jre/bin/java
00601000-00602000 rw-p 00001000 fd:01 659370                             /usr/lib/jvm/java-8-openjdk-amd64/jre/bin/java
0105f000-01080000 rw-p 00000000 00:00 0                                  [heap]
c2400000-c4d80000 rw-p 00000000 00:00 0 
c4d80000-eb700000 ---p 00000000 00:00 0 
eb700000-ecb80000 rw-p 00000000 00:00 0 
ecb80000-100000000 ---p 00000000 00:00 0 
100000000-100080000 rw-p 00000000 00:00 0 
100080000-140000000 ---p 00000000 00:00 0 
7f680c000000-7f680c021000 rw-p 00000000 00:00 0 
7f680c021000-7f6810000000 ---p 00000000 00:00 0 
7f6810000000-7f6810021000 rw-p 00000000 00:00 0 
7f6810021000-7f6814000000 ---p 00000000 00:00 0 
7f6814000000-7f681405e000 rw-p 00000000 00:00 0 
7f681405e000-7f6818000000 ---p 00000000 00:00 0 
7f6818000000-7f6818021000 rw-p 00000000 00:00 0 
7f6818021000-7f681c000000 ---p 00000000 00:00 0 
7f681c000000-7f681c021000 rw-p 00000000 00:00 0 
7f681c021000-7f6820000000 ---p 00000000 00:00 0 
7f6820000000-7f6820021000 rw-p 00000000 00:00 0 
7f6820021000-7f6824000000 ---p 00000000 00:00 0 
7f6824000000-7f6824021000 rw-p 00000000 00:00 0 
7f6824021000-7f6828000000 ---p 00000000 00:00 0 
7f6828000000-7f6828021000 rw-p 00000000 00:00 0 
7f6828021000-7f682c000000 ---p 00000000 00:00 0 
7f682c000000-7f682c021000 rw-p 00000000 00:00 0 
7f682c021000-7f6830000000 ---p 00000000 00:00 0 
7f6832f1e000-7f6834dfe000 rw-p 00000000 00:00 0 
7f6836c69000-7f6836c6b000 r-xp 00000000 fd:01 659115                     /home/ubuntu/JNIExample/jni-example/libHello.so
7f6836c6b000-7f6836e6a000 ---p 00002000 fd:01 659115                     /home/ubuntu/JNIExample/jni-example/libHello.so
7f6836e6a000-7f6836e6b000 r--p 00001000 fd:01 659115                     /home/ubuntu/JNIExample/jni-example/libHello.so
7f6836e6b000-7f6836e6c000 rw-p 00002000 fd:01 659115                     /home/ubuntu/JNIExample/jni-example/libHello.so
7f6836e6c000-7f6836e6d000 ---p 00000000 00:00 0 
7f6836e6d000-7f6836f6d000 rw-p 00000000 00:00 0 
7f6836f6d000-7f6836f70000 ---p 00000000 00:00 0 
7f6836f70000-7f683706e000 rw-p 00000000 00:00 0 
7f683706e000-7f6837071000 ---p 00000000 00:00 0 
7f6837071000-7f683716f000 rw-p 00000000 00:00 0 
7f683716f000-7f6837172000 ---p 00000000 00:00 0 
7f6837172000-7f6837270000 rw-p 00000000 00:00 0 
7f6837270000-7f6837273000 ---p 00000000 00:00 0 
7f6837273000-7f6837371000 rw-p 00000000 00:00 0 
7f6837371000-7f6837509000 r--p 00000000 fd:01 11563                      /usr/lib/locale/locale-archive
7f6837509000-7f683750c000 ---p 00000000 00:00 0 
7f683750c000-7f683760a000 rw-p 00000000 00:00 0 
7f683760a000-7f683760d000 ---p 00000000 00:00 0 
7f683760d000-7f683770b000 rw-p 00000000 00:00 0 
7f683770b000-7f683770c000 ---p 00000000 00:00 0 
7f683770c000-7f6838000000 rw-p 00000000 00:00 0 
7f6838000000-7f6838021000 rw-p 00000000 00:00 0 
7f6838021000-7f683c000000 ---p 00000000 00:00 0 
7f683c04a000-7f683c04b000 r--s 0000d000 fd:01 659427                     /usr/lib/jvm/java-8-openjdk-amd64/jre/lib/ext/sunec.jar
7f683c04b000-7f683c066000 r--s 00394000 fd:01 659432                     /usr/lib/jvm/java-8-openjdk-amd64/jre/lib/ext/cldrdata.jar
7f683c066000-7f683c070000 r--s 00116000 fd:01 659436                     /usr/lib/jvm/java-8-openjdk-amd64/jre/lib/ext/localedata.jar
7f683c070000-7f683c073000 r--s 00039000 fd:01 659431                     /usr/lib/jvm/java-8-openjdk-amd64/jre/lib/ext/sunpkcs11.jar
7f683c073000-7f683c3b8000 rw-p 00000000 00:00 0 
7f683c3b8000-7f683c588000 r--s 03c5c000 fd:01 659406                     /usr/lib/jvm/java-8-openjdk-amd64/jre/lib/rt.jar
7f683c588000-7f683ca3e000 rw-p 00000000 00:00 0 
7f683ca3e000-7f683cdfe000 ---p 00000000 00:00 0 
7f683cdfe000-7f683cdff000 ---p 00000000 00:00 0 
7f683cdff000-7f683ceff000 rw-p 00000000 00:00 0 
7f683ceff000-7f683cf00000 ---p 00000000 00:00 0 
7f683cf00000-7f683d000000 rw-p 00000000 00:00 0 
7f683d000000-7f683d270000 rwxp 00000000 00:00 0 
7f683d270000-7f684c000000 ---p 00000000 00:00 0 
7f684c000000-7f684c13f000 rw-p 00000000 00:00 0 
7f684c13f000-7f6850000000 ---p 00000000 00:00 0 
7f6850000000-7f6850002000 r--s 00001000 fd:01 659433                     /usr/lib/jvm/java-8-openjdk-amd64/jre/lib/ext/dnsns.jar
7f6850002000-7f685001d000 r--s 001d6000 fd:01 659429                     /usr/lib/jvm/java-8-openjdk-amd64/jre/lib/ext/nashorn.jar
7f685001d000-7f6850053000 rw-p 00000000 00:00 0 
7f6850053000-7f6850188000 ---p 00000000 00:00 0 
7f6850188000-7f685019d000 rw-p 00000000 00:00 0 
7f685019d000-7f68502d1000 ---p 00000000 00:00 0 
7f68502d1000-7f68502dc000 rw-p 00000000 00:00 0 
7f68502dc000-7f6850376000 ---p 00000000 00:00 0 
7f6850376000-7f6850381000 rw-p 00000000 00:00 0 
7f6850381000-7f6850737000 ---p 00000000 00:00 0 
7f6850737000-7f685073f000 r-xp 00000000 fd:01 659470                     /usr/lib/jvm/java-8-openjdk-amd64/jre/lib/amd64/libzip.so
7f685073f000-7f685093e000 ---p 00008000 fd:01 659470                     /usr/lib/jvm/java-8-openjdk-amd64/jre/lib/amd64/libzip.so
7f685093e000-7f685093f000 r--p 00007000 fd:01 659470                     /usr/lib/jvm/java-8-openjdk-amd64/jre/lib/amd64/libzip.so
7f685093f000-7f6850940000 rw-p 00008000 fd:01 659470                     /usr/lib/jvm/java-8-openjdk-amd64/jre/lib/amd64/libzip.so
7f6850940000-7f685094b000 r-xp 00000000 fd:01 5134                       /lib/x86_64-linux-gnu/libnss_files-2.23.so
7f685094b000-7f6850b4a000 ---p 0000b000 fd:01 5134                       /lib/x86_64-linux-gnu/libnss_files-2.23.so
7f6850b4a000-7f6850b4b000 r--p 0000a000 fd:01 5134                       /lib/x86_64-linux-gnu/libnss_files-2.23.so
7f6850b4b000-7f6850b4c000 rw-p 0000b000 fd:01 5134                       /lib/x86_64-linux-gnu/libnss_files-2.23.so
7f6850b4c000-7f6850b52000 rw-p 00000000 00:00 0 
7f6850b52000-7f6850b5d000 r-xp 00000000 fd:01 5127                       /lib/x86_64-linux-gnu/libnss_nis-2.23.so
7f6850b5d000-7f6850d5c000 ---p 0000b000 fd:01 5127                       /lib/x86_64-linux-gnu/libnss_nis-2.23.so
7f6850d5c000-7f6850d5d000 r--p 0000a000 fd:01 5127                       /lib/x86_64-linux-gnu/libnss_nis-2.23.so
7f6850d5d000-7f6850d5e000 rw-p 0000b000 fd:01 5127                       /lib/x86_64-linux-gnu/libnss_nis-2.23.so
7f6850d5e000-7f6850d74000 r-xp 00000000 fd:01 5132                       /lib/x86_64-linux-gnu/libnsl-2.23.so
7f6850d74000-7f6850f73000 ---p 00016000 fd:01 5132                       /lib/x86_64-linux-gnu/libnsl-2.23.so
7f6850f73000-7f6850f74000 r--p 00015000 fd:01 5132                       /lib/x86_64-linux-gnu/libnsl-2.23.so
7f6850f74000-7f6850f75000 rw-p 00016000 fd:01 5132                       /lib/x86_64-linux-gnu/libnsl-2.23.so
7f6850f75000-7f6850f77000 rw-p 00000000 00:00 0 
7f6850f77000-7f6850f7f000 r-xp 00000000 fd:01 5138                       /lib/x86_64-linux-gnu/libnss_compat-2.23.so
7f6850f7f000-7f685117e000 ---p 00008000 fd:01 5138                       /lib/x86_64-linux-gnu/libnss_compat-2.23.so
7f685117e000-7f685117f000 r--p 00007000 fd:01 5138                       /lib/x86_64-linux-gnu/libnss_compat-2.23.so
7f685117f000-7f6851180000 rw-p 00008000 fd:01 5138                       /lib/x86_64-linux-gnu/libnss_compat-2.23.so
7f6851180000-7f68511a9000 r-xp 00000000 fd:01 659454                     /usr/lib/jvm/java-8-openjdk-amd64/jre/lib/amd64/libjava.so
7f68511a9000-7f68513a8000 ---p 00029000 fd:01 659454                     /usr/lib/jvm/java-8-openjdk-amd64/jre/lib/amd64/libjava.so
7f68513a8000-7f68513a9000 r--p 00028000 fd:01 659454                     /usr/lib/jvm/java-8-openjdk-amd64/jre/lib/amd64/libjava.so
7f68513a9000-7f68513ab000 rw-p 00029000 fd:01 659454                     /usr/lib/jvm/java-8-openjdk-amd64/jre/lib/amd64/libjava.so
7f68513ab000-7f68513ba000 r-xp 00000000 fd:01 659472                     /usr/lib/jvm/java-8-openjdk-amd64/jre/lib/amd64/libverify.so
7f68513ba000-7f68515b9000 ---p 0000f000 fd:01 659472                     /usr/lib/jvm/java-8-openjdk-amd64/jre/lib/amd64/libverify.so
7f68515b9000-7f68515bb000 r--p 0000e000 fd:01 659472                     /usr/lib/jvm/java-8-openjdk-amd64/jre/lib/amd64/libverify.so
7f68515bb000-7f68515bc000 rw-p 00010000 fd:01 659472                     /usr/lib/jvm/java-8-openjdk-amd64/jre/lib/amd64/libverify.so
7f68515bc000-7f68515c3000 r-xp 00000000 fd:01 5120                       /lib/x86_64-linux-gnu/librt-2.23.so
7f68515c3000-7f68517c2000 ---p 00007000 fd:01 5120                       /lib/x86_64-linux-gnu/librt-2.23.so
7f68517c2000-7f68517c3000 r--p 00006000 fd:01 5120                       /lib/x86_64-linux-gnu/librt-2.23.so
7f68517c3000-7f68517c4000 rw-p 00007000 fd:01 5120                       /lib/x86_64-linux-gnu/librt-2.23.so
7f68517c4000-7f68517da000 r-xp 00000000 fd:01 3821                       /lib/x86_64-linux-gnu/libgcc_s.so.1
7f68517da000-7f68519d9000 ---p 00016000 fd:01 3821                       /lib/x86_64-linux-gnu/libgcc_s.so.1
7f68519d9000-7f68519da000 rw-p 00015000 fd:01 3821                       /lib/x86_64-linux-gnu/libgcc_s.so.1
7f68519da000-7f6851ae2000 r-xp 00000000 fd:01 5140                       /lib/x86_64-linux-gnu/libm-2.23.so
7f6851ae2000-7f6851ce1000 ---p 00108000 fd:01 5140                       /lib/x86_64-linux-gnu/libm-2.23.so
7f6851ce1000-7f6851ce2000 r--p 00107000 fd:01 5140                       /lib/x86_64-linux-gnu/libm-2.23.so
7f6851ce2000-7f6851ce3000 rw-p 00108000 fd:01 5140                       /lib/x86_64-linux-gnu/libm-2.23.so
7f6851ce3000-7f6851e55000 r-xp 00000000 fd:01 2347                       /usr/lib/x86_64-linux-gnu/libstdc++.so.6.0.21
7f6851e55000-7f6852055000 ---p 00172000 fd:01 2347                       /usr/lib/x86_64-linux-gnu/libstdc++.so.6.0.21
7f6852055000-7f685205f000 r--p 00172000 fd:01 2347                       /usr/lib/x86_64-linux-gnu/libstdc++.so.6.0.21
7f685205f000-7f6852061000 rw-p 0017c000 fd:01 2347                       /usr/lib/x86_64-linux-gnu/libstdc++.so.6.0.21
7f6852061000-7f6852065000 rw-p 00000000 00:00 0 
7f6852065000-7f6852cc9000 r-xp 00000000 fd:01 659483                     /usr/lib/jvm/java-8-openjdk-amd64/jre/lib/amd64/server/libjvm.so
7f6852cc9000-7f6852ec8000 ---p 00c64000 fd:01 659483                     /usr/lib/jvm/java-8-openjdk-amd64/jre/lib/amd64/server/libjvm.so
7f6852ec8000-7f6852f5c000 r--p 00c63000 fd:01 659483                     /usr/lib/jvm/java-8-openjdk-amd64/jre/lib/amd64/server/libjvm.so
7f6852f5c000-7f6852f85000 rw-p 00cf7000 fd:01 659483                     /usr/lib/jvm/java-8-openjdk-amd64/jre/lib/amd64/server/libjvm.so
7f6852f85000-7f6852fb5000 rw-p 00000000 00:00 0 
7f6852fb5000-7f6852fcd000 r-xp 00000000 fd:01 5124                       /lib/x86_64-linux-gnu/libpthread-2.23.so
7f6852fcd000-7f68531cc000 ---p 00018000 fd:01 5124                       /lib/x86_64-linux-gnu/libpthread-2.23.so
7f68531cc000-7f68531cd000 r--p 00017000 fd:01 5124                       /lib/x86_64-linux-gnu/libpthread-2.23.so
7f68531cd000-7f68531ce000 rw-p 00018000 fd:01 5124                       /lib/x86_64-linux-gnu/libpthread-2.23.so
7f68531ce000-7f68531d2000 rw-p 00000000 00:00 0 
7f68531d2000-7f68531d5000 r-xp 00000000 fd:01 5122                       /lib/x86_64-linux-gnu/libdl-2.23.so
7f68531d5000-7f68533d4000 ---p 00003000 fd:01 5122                       /lib/x86_64-linux-gnu/libdl-2.23.so
7f68533d4000-7f68533d5000 r--p 00002000 fd:01 5122                       /lib/x86_64-linux-gnu/libdl-2.23.so
7f68533d5000-7f68533d6000 rw-p 00003000 fd:01 5122                       /lib/x86_64-linux-gnu/libdl-2.23.so
7f68533d6000-7f68533ef000 r-xp 00000000 fd:01 22009                      /lib/x86_64-linux-gnu/libz.so.1.2.8
7f68533ef000-7f68535ee000 ---p 00019000 fd:01 22009                      /lib/x86_64-linux-gnu/libz.so.1.2.8
7f68535ee000-7f68535ef000 r--p 00018000 fd:01 22009                      /lib/x86_64-linux-gnu/libz.so.1.2.8
7f68535ef000-7f68535f0000 rw-p 00019000 fd:01 22009                      /lib/x86_64-linux-gnu/libz.so.1.2.8
7f68535f0000-7f68537b0000 r-xp 00000000 fd:01 5137                       /lib/x86_64-linux-gnu/libc-2.23.so
7f68537b0000-7f68539b0000 ---p 001c0000 fd:01 5137                       /lib/x86_64-linux-gnu/libc-2.23.so
7f68539b0000-7f68539b4000 r--p 001c0000 fd:01 5137                       /lib/x86_64-linux-gnu/libc-2.23.so
7f68539b4000-7f68539b6000 rw-p 001c4000 fd:01 5137                       /lib/x86_64-linux-gnu/libc-2.23.so
7f68539b6000-7f68539ba000 rw-p 00000000 00:00 0 
7f68539ba000-7f68539c7000 r-xp 00000000 fd:01 659464                     /usr/lib/jvm/java-8-openjdk-amd64/jre/lib/amd64/jli/libjli.so
7f68539c7000-7f6853bc6000 ---p 0000d000 fd:01 659464                     /usr/lib/jvm/java-8-openjdk-amd64/jre/lib/amd64/jli/libjli.so
7f6853bc6000-7f6853bc7000 r--p 0000c000 fd:01 659464                     /usr/lib/jvm/java-8-openjdk-amd64/jre/lib/amd64/jli/libjli.so
7f6853bc7000-7f6853bc8000 rw-p 0000d000 fd:01 659464                     /usr/lib/jvm/java-8-openjdk-amd64/jre/lib/amd64/jli/libjli.so
7f6853bc8000-7f6853bee000 r-xp 00000000 fd:01 5123                       /lib/x86_64-linux-gnu/ld-2.23.so
7f6853bee000-7f6853bf1000 r--s 0000f000 fd:01 659428                     /usr/lib/jvm/java-8-openjdk-amd64/jre/lib/ext/icedtea-sound.jar
7f6853bf1000-7f6853cd6000 rw-p 00000000 00:00 0 
7f6853cd6000-7f6853cde000 rw-s 00000000 fd:01 793793                     /tmp/hsperfdata_ubuntu/13460
7f6853cde000-7f6853ce1000 ---p 00000000 00:00 0 
7f6853ce1000-7f6853de3000 rw-p 00000000 00:00 0 
7f6853de3000-7f6853de4000 r--s 0000a000 fd:01 659430                     /usr/lib/jvm/java-8-openjdk-amd64/jre/lib/ext/jaccess.jar
7f6853de4000-7f6853de5000 r--s 00010000 fd:01 659435                     /usr/lib/jvm/java-8-openjdk-amd64/jre/lib/ext/zipfs.jar
7f6853de5000-7f6853dea000 r--s 0003c000 fd:01 659434                     /usr/lib/jvm/java-8-openjdk-amd64/jre/lib/ext/sunjce_provider.jar
7f6853dea000-7f6853deb000 rw-p 00000000 00:00 0 
7f6853deb000-7f6853dec000 r--p 00000000 00:00 0 
7f6853dec000-7f6853ded000 rw-p 00000000 00:00 0 
7f6853ded000-7f6853dee000 r--p 00025000 fd:01 5123                       /lib/x86_64-linux-gnu/ld-2.23.so
7f6853dee000-7f6853def000 rw-p 00026000 fd:01 5123                       /lib/x86_64-linux-gnu/ld-2.23.so
7f6853def000-7f6853df0000 rw-p 00000000 00:00 0 
7ffceeb2b000-7ffceeb4c000 rw-p 00000000 00:00 0                          [stack]
7ffceeb8a000-7ffceeb8c000 r--p 00000000 00:00 0                          [vvar]
7ffceeb8c000-7ffceeb8e000 r-xp 00000000 00:00 0                          [vdso]
ffffffffff600000-ffffffffff601000 r-xp 00000000 00:00 0                  [vsyscall]

VM Arguments:
jvm_args: -Djava.library.path=. 
java_command: Hello
java_class_path (initial): .
Launcher Type: SUN_STANDARD

Environment Variables:
PATH=/usr/local/sbin:/usr/local/bin:/usr/sbin:/usr/bin:/sbin:/bin:/usr/games:/usr/local/games:/snap/bin
SHELL=/bin/bash

Signal Handlers:
SIGSEGV: [libjvm.so+0xa783e0], sa_mask[0]=11111111011111111101111111111110, sa_flags=SA_RESTART|SA_SIGINFO
SIGBUS: [libjvm.so+0xa783e0], sa_mask[0]=11111111011111111101111111111110, sa_flags=SA_RESTART|SA_SIGINFO
SIGFPE: [libjvm.so+0x8c0e10], sa_mask[0]=11111111011111111101111111111110, sa_flags=SA_RESTART|SA_SIGINFO
SIGPIPE: [libjvm.so+0x8c0e10], sa_mask[0]=11111111011111111101111111111110, sa_flags=SA_RESTART|SA_SIGINFO
SIGXFSZ: [libjvm.so+0x8c0e10], sa_mask[0]=11111111011111111101111111111110, sa_flags=SA_RESTART|SA_SIGINFO
SIGILL: [libjvm.so+0x8c0e10], sa_mask[0]=11111111011111111101111111111110, sa_flags=SA_RESTART|SA_SIGINFO
SIGUSR1: SIG_DFL, sa_mask[0]=00000000000000000000000000000000, sa_flags=none
SIGUSR2: [libjvm.so+0x8c0cc0], sa_mask[0]=00000000000000000000000000000000, sa_flags=SA_RESTART|SA_SIGINFO
SIGHUP: [libjvm.so+0x8c1350], sa_mask[0]=11111111011111111101111111111110, sa_flags=SA_RESTART|SA_SIGINFO
SIGINT: [libjvm.so+0x8c1350], sa_mask[0]=11111111011111111101111111111110, sa_flags=SA_RESTART|SA_SIGINFO
SIGTERM: [libjvm.so+0x8c1350], sa_mask[0]=11111111011111111101111111111110, sa_flags=SA_RESTART|SA_SIGINFO
SIGQUIT: [libjvm.so+0x8c1350], sa_mask[0]=11111111011111111101111111111110, sa_flags=SA_RESTART|SA_SIGINFO


---------------  S Y S T E M  ---------------

OS:DISTRIB_ID=Ubuntu
DISTRIB_RELEASE=16.04
DISTRIB_CODENAME=xenial
DISTRIB_DESCRIPTION="Ubuntu 16.04.6 LTS"

uname:Linux 4.4.0-98-generic #121-Ubuntu SMP Tue Oct 10 14:24:03 UTC 2017 x86_64
libc:glibc 2.23 NPTL 2.23 
rlimit: STACK 8192k, CORE 0k, NPROC 15649, NOFILE 1048576, AS infinity
load average:0.24 0.15 0.06

/proc/meminfo:
MemTotal:        4046500 kB
MemFree:         1447816 kB
MemAvailable:    3665120 kB
Buffers:          150488 kB
Cached:          2141200 kB
SwapCached:            0 kB
Active:          1157492 kB
Inactive:        1162768 kB
Active(anon):      31408 kB
Inactive(anon):     5240 kB
Active(file):    1126084 kB
Inactive(file):  1157528 kB
Unevictable:        3652 kB
Mlocked:            3652 kB
SwapTotal:             0 kB
SwapFree:              0 kB
Dirty:               132 kB
Writeback:             0 kB
AnonPages:         32336 kB
Mapped:            43100 kB
Shmem:              5656 kB
Slab:             243444 kB
SReclaimable:     221280 kB
SUnreclaim:        22164 kB
KernelStack:        2256 kB
PageTables:         2860 kB
NFS_Unstable:          0 kB
Bounce:                0 kB
WritebackTmp:          0 kB
CommitLimit:     2023248 kB
Committed_AS:     366052 kB
VmallocTotal:   34359738367 kB
VmallocUsed:           0 kB
VmallocChunk:          0 kB
HardwareCorrupted:     0 kB
AnonHugePages:      8192 kB
CmaTotal:              0 kB
CmaFree:               0 kB
HugePages_Total:       0
HugePages_Free:        0
HugePages_Rsvd:        0
HugePages_Surp:        0
Hugepagesize:       2048 kB
DirectMap4k:       71668 kB
DirectMap2M:     4122624 kB

container (cgroup) information:
container_type: cgroupv1
cpu_cpuset_cpus: 0-1
cpu_memory_nodes: 0
active_processor_count: 2
cpu_quota: -1
cpu_period: 100000
cpu_shares: -1
memory_limit_in_bytes: -1
memory_and_swap_limit_in_bytes: -2
memory_soft_limit_in_bytes: -1
memory_usage_in_bytes: 1998458880
memory_max_usage_in_bytes: 2154721280


CPU:total 2 (initial active 2) (2 cores per cpu, 1 threads per core) family 6 model 13 stepping 3, cmov, cx8, fxsr, mmx, sse, sse2, sse3, tsc

/proc/cpuinfo:
processor	: 0
vendor_id	: GenuineIntel
cpu family	: 6
model		: 13
model name	: QEMU Virtual CPU version (cpu64-rhel6)
stepping	: 3
microcode	: 0x1
cpu MHz		: 2899.998
cache size	: 4096 KB
physical id	: 0
siblings	: 2
core id		: 0
cpu cores	: 2
apicid		: 0
initial apicid	: 0
fpu		: yes
fpu_exception	: yes
cpuid level	: 4
wp		: yes
flags		: fpu de pse tsc msr pae mce cx8 apic mtrr pge mca cmov pse36 clflush mmx fxsr sse sse2 ht syscall nx lm nopl pni cx16 hypervisor lahf_lm
bugs		:
bogomips	: 5799.99
clflush size	: 64
cache_alignment	: 64
address sizes	: 46 bits physical, 48 bits virtual
power management:

processor	: 1
vendor_id	: GenuineIntel
cpu family	: 6
model		: 13
model name	: QEMU Virtual CPU version (cpu64-rhel6)
stepping	: 3
microcode	: 0x1
cpu MHz		: 2899.998
cache size	: 4096 KB
physical id	: 0
siblings	: 2
core id		: 1
cpu cores	: 2
apicid		: 1
initial apicid	: 1
fpu		: yes
fpu_exception	: yes
cpuid level	: 4
wp		: yes
flags		: fpu de pse tsc msr pae mce cx8 apic mtrr pge mca cmov pse36 clflush mmx fxsr sse sse2 ht syscall nx lm nopl pni cx16 hypervisor lahf_lm
bugs		:
bogomips	: 5799.99
clflush size	: 64
cache_alignment	: 64
address sizes	: 46 bits physical, 48 bits virtual
power management:



Memory: 4k page, physical 4046500k(1447816k free), swap 0k(0k free)

vm_info: OpenJDK 64-Bit Server VM (25.222-b10) for linux-amd64 JRE (1.8.0_222-8u222-b10-1ubuntu1~16.04.1-b10), built on Jul 18 2019 20:25:18 by "buildd" with gcc 5.4.0 20160609

time: Thu Aug  8 00:17:23 2019
timezone: UTC
elapsed time: 0 seconds (0d 0h 0m 0s)

