#
# A fatal error has been detected by the Java Runtime Environment:
#
#  SIGSEGV (0xb) at pc=0x00007f60ba4c59d7, pid=13440, tid=0x00007f60bbbba700
#
# JRE version: OpenJDK Runtime Environment (8.0_222-b10) (build 1.8.0_222-8u222-b10-1ubuntu1~16.04.1-b10)
# Java VM: OpenJDK 64-Bit Server VM (25.222-b10 mixed mode linux-amd64 compressed oops)
# Problematic frame:
# V  [libjvm.so+0x6849d7]
#
# Failed to write core dump. Core dumps have been disabled. To enable core dumping, try "ulimit -c unlimited" before starting Java again
#
# If you would like to submit a bug report, please visit:
#   http://bugreport.java.com/bugreport/crash.jsp
#

---------------  T H R E A D  ---------------

Current thread (0x00007f60b400a800):  JavaThread "main" [_thread_in_vm, id=13441, stack(0x00007f60bbaba000,0x00007f60bbbbb000)]

siginfo: si_signo: 11 (SIGSEGV), si_code: 1 (SEGV_MAPERR), si_addr: 0x0000000000000000

Registers:
RAX=0x00007f60ba919708, RBX=0x00007f60b400a800, RCX=0x00007f60bbbb97c0, RDX=0x00007f60b400b138
RSP=0x00007f60bbbb96c0, RBP=0x00007f60bbbb9780, RSI=0x00007f60b40754d0, RDI=0x00007f60b400a800
R8 =0x0000000000000000, R9 =0x00000000000000af, R10=0x0000000000000000, R11=0xfffffffffffffffd
R12=0x00007f60b400a9e0, R13=0x0000000000000000, R14=0x00007f60bbbb99a0, R15=0x00007f60bbbb97c0
RIP=0x00007f60ba4c59d7, EFLAGS=0x0000000000010202, CSGSFS=0x0000000000000033, ERR=0x0000000000000004
  TRAPNO=0x000000000000000e

Top of Stack: (sp=0x00007f60bbbb96c0)
0x00007f60bbbb96c0:   000000000000000e 00007f60b40754d0
0x00007f60bbbb96d0:   0000000000000000 00007f60bba1daf0
0x00007f60bbbb96e0:   00007f60b400a800 00007f60b400b130
0x00007f60bbbb96f0:   00007f600000064f 00007f60ba919708
0x00007f60bbbb9700:   00007f60bbbb9760 00007f60bbbb96b0
0x00007f60bbbb9710:   00007f60bbbb96f8 0000000800000002
0x00007f60bbbb9720:   00000000a2341301 c09c5a8081240a00
0x00007f60bbbb9730:   00007f60bbbb9760 00007f60bba1daf0
0x00007f60bbbb9740:   00007f60bbbb97a0 c09c5a8081240a00
0x00007f60bbbb9750:   0000000000000000 00007f60a2741598
0x00007f60bbbb9760:   0000000000000000 00007f60a2741590
0x00007f60bbbb9770:   00007f60bbbb99a0 00007f60b400a800
0x00007f60bbbb9780:   00007f60bbbb9890 00007f60a0bad359
0x00007f60bbbb9790:   0000000000000000 0000000000000000
0x00007f60bbbb97a0:   00007f60b40754d0 00007f60b400a9e0
0x00007f60bbbb97b0:   ffffff0000000000 c09c5a8081240a00
0x00007f60bbbb97c0:   0000003000000018 00007f60bbbb98a0
0x00007f60bbbb97d0:   00007f60bbbb97e0 c09c5a8081240a00
0x00007f60bbbb97e0:   00007f60b400a800 00007f60b400a800
0x00007f60bbbb97f0:   00007f60bbbb9860 00007f60b40754d0
0x00007f60bbbb9800:   0000000000000000 00000000000000af
0x00007f60bbbb9810:   00007f60bbbb9870 00007f60ba4bf278
0x00007f60bbbb9820:   00007f60b400a800 c09c5a8081240a00
0x00007f60bbbb9830:   00007f60bbbb9840 00007f60a2741598
0x00007f60bbbb9840:   0000000000000000 00007f60a2741590
0x00007f60bbbb9850:   00007f60bbbb99a0 00007f60b400a800
0x00007f60bbbb9860:   00007f60bbbb9890 00007f60a0bad290
0x00007f60bbbb9870:   00007f60a0bad4ee 00007f60a0bad503
0x00007f60bbbb9880:   00007f60b40754d8 00007f60b400a9e0
0x00007f60bbbb9890:   00007f60bbbb9910 00007f60a0bad17c
0x00007f60bbbb98a0:   00007f60b400a800 00007f60bbbb9998
0x00007f60bbbb98b0:   00007f60bbbb99a0 00007f60b400a9e0 

Instructions: (pc=0x00007f60ba4c59d7)
0x00007f60ba4c59b7:   89 9d 60 ff ff ff 48 c7 85 68 ff ff ff 00 00 00
0x00007f60ba4c59c7:   00 74 0c 48 8d bd 60 ff ff ff e8 7a 88 29 00 90
0x00007f60ba4c59d7:   49 8b 45 00 c7 85 50 ff ff ff 0c 00 00 00 4c 8d
0x00007f60ba4c59e7:   75 80 4c 89 f7 48 8b 40 08 0f b7 50 24 48 8b 40 

Register to memory mapping:

RAX=0x00007f60ba919708: <offset 0xad8708> in /usr/lib/jvm/java-8-openjdk-amd64/jre/lib/amd64/server/libjvm.so at 0x00007f60b9e41000
RBX=0x00007f60b400a800 is a thread
RCX=0x00007f60bbbb97c0 is pointing into the stack for thread: 0x00007f60b400a800
RDX=0x00007f60b400b138 is an unknown value
RSP=0x00007f60bbbb96c0 is pointing into the stack for thread: 0x00007f60b400a800
RBP=0x00007f60bbbb9780 is pointing into the stack for thread: 0x00007f60b400a800
RSI=0x00007f60b40754d0 is an unknown value
RDI=0x00007f60b400a800 is a thread
R8 =0x0000000000000000 is an unknown value
R9 =0x00000000000000af is an unknown value
R10=0x0000000000000000 is an unknown value
R11=0xfffffffffffffffd is an unknown value
R12=0x00007f60b400a9e0 is an unknown value
R13=0x0000000000000000 is an unknown value
R14=0x00007f60bbbb99a0 is pointing into the stack for thread: 0x00007f60b400a800
R15=0x00007f60bbbb97c0 is pointing into the stack for thread: 0x00007f60b400a800


Stack: [0x00007f60bbaba000,0x00007f60bbbbb000],  sp=0x00007f60bbbb96c0,  free space=1021k
Native frames: (J=compiled Java code, j=interpreted, Vv=VM code, C=native code)
V  [libjvm.so+0x6849d7]
C  [libHello.so+0x1359]  JNIEnv_::CallObjectMethod(_jobject*, _jmethodID*, ...)+0xc7
C  [libHello.so+0x117c]  Java_Hello_jniLoadObject+0x1b4
j  Hello.jniLoadObject(Ljava/lang/Object;)V+0
j  Hello.main([Ljava/lang/String;)V+40
v  ~StubRoutines::call_stub
V  [libjvm.so+0x6685d0]
V  [libjvm.so+0x68b07e]
V  [libjvm.so+0x68d9af]
C  [libjli.so+0x34e2]
C  [libjli.so+0x737d]
C  [libpthread.so.0+0x76ba]  start_thread+0xca

Java frames: (J=compiled Java code, j=interpreted, Vv=VM code)
j  Hello.jniLoadObject(Ljava/lang/Object;)V+0
j  Hello.main([Ljava/lang/String;)V+40
v  ~StubRoutines::call_stub

---------------  P R O C E S S  ---------------

Java Threads: ( => current thread )
  0x00007f60b40b9800 JavaThread "Service Thread" daemon [_thread_blocked, id=13450, stack(0x00007f60a0ef0000,0x00007f60a0ff1000)]
  0x00007f60b40b6800 JavaThread "C1 CompilerThread1" daemon [_thread_blocked, id=13449, stack(0x00007f60a0ff1000,0x00007f60a10f2000)]
  0x00007f60b40b4000 JavaThread "C2 CompilerThread0" daemon [_thread_blocked, id=13448, stack(0x00007f60a10f2000,0x00007f60a11f3000)]
  0x00007f60b40b2800 JavaThread "Signal Dispatcher" daemon [_thread_blocked, id=13447, stack(0x00007f60a11f3000,0x00007f60a12f4000)]
  0x00007f60b4080000 JavaThread "Finalizer" daemon [_thread_blocked, id=13446, stack(0x00007f60a148c000,0x00007f60a158d000)]
  0x00007f60b407d800 JavaThread "Reference Handler" daemon [_thread_blocked, id=13445, stack(0x00007f60a158d000,0x00007f60a168e000)]
=>0x00007f60b400a800 JavaThread "main" [_thread_in_vm, id=13441, stack(0x00007f60bbaba000,0x00007f60bbbbb000)]

Other Threads:
  0x00007f60b4074000 VMThread [stack: 0x00007f60a168e000,0x00007f60a178f000] [id=13444]
  0x00007f60b40bc000 WatcherThread [stack: 0x00007f60a0def000,0x00007f60a0ef0000] [id=13451]

VM state:not at safepoint (normal execution)

VM Mutex/Monitor currently owned by a thread: None

heap address: 0x00000000c2400000, size: 988 MB, Compressed Oops mode: 32-bit
Narrow klass base: 0x0000000000000000, Narrow klass shift: 3
Compressed class space size: 1073741824 Address: 0x0000000100000000

Heap:
 PSYoungGen      total 18432K, used 635K [0x00000000eb700000, 0x00000000ecb80000, 0x0000000100000000)
  eden space 15872K, 4% used [0x00000000eb700000,0x00000000eb79ec60,0x00000000ec680000)
  from space 2560K, 0% used [0x00000000ec900000,0x00000000ec900000,0x00000000ecb80000)
  to   space 2560K, 0% used [0x00000000ec680000,0x00000000ec680000,0x00000000ec900000)
 ParOldGen       total 42496K, used 0K [0x00000000c2400000, 0x00000000c4d80000, 0x00000000eb700000)
  object space 42496K, 0% used [0x00000000c2400000,0x00000000c2400000,0x00000000c4d80000)
 Metaspace       used 2564K, capacity 4486K, committed 4864K, reserved 1056768K
  class space    used 270K, capacity 386K, committed 512K, reserved 1048576K

Card table byte_map: [0x00007f60a4e11000,0x00007f60a5000000] byte_map_base: 0x00007f60a47ff000

Marking Bits: (ParMarkBitMap*) 0x00007f60bad74540
 Begin Bits: [0x00007f60a2d2f000, 0x00007f60a3c9f000)
 End Bits:   [0x00007f60a3c9f000, 0x00007f60a4c0f000)

Polling page: 0x00007f60bbbc7000

CodeCache: size=245760Kb used=1085Kb max_used=1085Kb free=244674Kb
 bounds [0x00007f60a5000000, 0x00007f60a5270000, 0x00007f60b4000000]
 total_blobs=245 nmethods=15 adapters=147
 compilation: enabled

Compilation events (10 events):
Event: 0.138 Thread 0x00007f60b40b6800   11       1       java.lang.ref.Reference::get (5 bytes)
Event: 0.138 Thread 0x00007f60b40b6800 nmethod 11 0x00007f60a510c950 code [0x00007f60a510caa0, 0x00007f60a510cbb0]
Event: 0.139 Thread 0x00007f60b40b6800   12       1       java.lang.ThreadLocal::access$400 (5 bytes)
Event: 0.139 Thread 0x00007f60b40b6800 nmethod 12 0x00007f60a510cc10 code [0x00007f60a510cd60, 0x00007f60a510ce50]
Event: 0.145 Thread 0x00007f60b40b6800   13       3       java.lang.AbstractStringBuilder::append (50 bytes)
Event: 0.146 Thread 0x00007f60b40b6800 nmethod 13 0x00007f60a510ced0 code [0x00007f60a510d0a0, 0x00007f60a510d7d8]
Event: 0.146 Thread 0x00007f60b40b6800   14       3       java.lang.String::getChars (62 bytes)
Event: 0.147 Thread 0x00007f60b40b6800 nmethod 14 0x00007f60a510dad0 code [0x00007f60a510dc80, 0x00007f60a510e0b8]
Event: 0.151 Thread 0x00007f60b40b6800   15       3       sun.nio.cs.UTF_8$Encoder::encode (359 bytes)
Event: 0.154 Thread 0x00007f60b40b6800 nmethod 15 0x00007f60a510e2d0 code [0x00007f60a510e4c0, 0x00007f60a510efd8]

GC Heap History (0 events):
No events

Deoptimization events (0 events):
No events

Classes redefined (0 events):
No events

Internal exceptions (3 events):
Event: 0.048 Thread 0x00007f60b400a800 Exception <a 'java/lang/NoSuchMethodError': Method sun.misc.Unsafe.defineClass(Ljava/lang/String;[BII)Ljava/lang/Class; name or signature does not match> (0x00000000eb707cb8) thrown at [/build/openjdk-8-g3XteX/openjdk-8-8u222-b10/src/hotspot/src/share/vm/
Event: 0.048 Thread 0x00007f60b400a800 Exception <a 'java/lang/NoSuchMethodError': Method sun.misc.Unsafe.prefetchRead(Ljava/lang/Object;J)V name or signature does not match> (0x00000000eb707fa0) thrown at [/build/openjdk-8-g3XteX/openjdk-8-8u222-b10/src/hotspot/src/share/vm/prims/jni.cpp, lin
Event: 0.154 Thread 0x00007f60b400a800 Exception <a 'java/lang/NoSuchMethodError': get> (0x00000000eb75fa10) thrown at [/build/openjdk-8-g3XteX/openjdk-8-8u222-b10/src/hotspot/src/share/vm/prims/jni.cpp, line 1615]

Events (10 events):
Event: 0.149 loading class java/nio/charset/CoderResult
Event: 0.150 loading class java/nio/charset/CoderResult done
Event: 0.150 loading class java/nio/charset/CoderResult$1
Event: 0.150 loading class java/nio/charset/CoderResult$Cache
Event: 0.150 loading class java/nio/charset/CoderResult$Cache done
Event: 0.150 loading class java/nio/charset/CoderResult$1 done
Event: 0.150 loading class java/nio/charset/CoderResult$2
Event: 0.150 loading class java/nio/charset/CoderResult$2 done
Event: 0.151 loading class Test
Event: 0.151 loading class Test done


Dynamic libraries:
00400000-00401000 r-xp 00000000 fd:01 659370                             /usr/lib/jvm/java-8-openjdk-amd64/jre/bin/java
00600000-00601000 r--p 00000000 fd:01 659370                             /usr/lib/jvm/java-8-openjdk-amd64/jre/bin/java
00601000-00602000 rw-p 00001000 fd:01 659370                             /usr/lib/jvm/java-8-openjdk-amd64/jre/bin/java
00c41000-00c62000 rw-p 00000000 00:00 0                                  [heap]
c2400000-c4d80000 rw-p 00000000 00:00 0 
c4d80000-eb700000 ---p 00000000 00:00 0 
eb700000-ecb80000 rw-p 00000000 00:00 0 
ecb80000-100000000 ---p 00000000 00:00 0 
100000000-100080000 rw-p 00000000 00:00 0 
100080000-140000000 ---p 00000000 00:00 0 
7f6074000000-7f6074021000 rw-p 00000000 00:00 0 
7f6074021000-7f6078000000 ---p 00000000 00:00 0 
7f607c000000-7f607c024000 rw-p 00000000 00:00 0 
7f607c024000-7f6080000000 ---p 00000000 00:00 0 
7f6080000000-7f6080021000 rw-p 00000000 00:00 0 
7f6080021000-7f6084000000 ---p 00000000 00:00 0 
7f6084000000-7f6084021000 rw-p 00000000 00:00 0 
7f6084021000-7f6088000000 ---p 00000000 00:00 0 
7f6088000000-7f608804e000 rw-p 00000000 00:00 0 
7f608804e000-7f608c000000 ---p 00000000 00:00 0 
7f608c000000-7f608c021000 rw-p 00000000 00:00 0 
7f608c021000-7f6090000000 ---p 00000000 00:00 0 
7f6090000000-7f6090021000 rw-p 00000000 00:00 0 
7f6090021000-7f6094000000 ---p 00000000 00:00 0 
7f6094000000-7f6094021000 rw-p 00000000 00:00 0 
7f6094021000-7f6098000000 ---p 00000000 00:00 0 
7f6098000000-7f6098021000 rw-p 00000000 00:00 0 
7f6098021000-7f609c000000 ---p 00000000 00:00 0 
7f609c000000-7f609c021000 rw-p 00000000 00:00 0 
7f609c021000-7f60a0000000 ---p 00000000 00:00 0 
7f60a0bac000-7f60a0bae000 r-xp 00000000 fd:01 659115                     /home/ubuntu/JNIExample/jni-example/libHello.so
7f60a0bae000-7f60a0dad000 ---p 00002000 fd:01 659115                     /home/ubuntu/JNIExample/jni-example/libHello.so
7f60a0dad000-7f60a0dae000 r--p 00001000 fd:01 659115                     /home/ubuntu/JNIExample/jni-example/libHello.so
7f60a0dae000-7f60a0daf000 rw-p 00002000 fd:01 659115                     /home/ubuntu/JNIExample/jni-example/libHello.so
7f60a0daf000-7f60a0dca000 r--s 00394000 fd:01 659432                     /usr/lib/jvm/java-8-openjdk-amd64/jre/lib/ext/cldrdata.jar
7f60a0dca000-7f60a0dd4000 r--s 00116000 fd:01 659436                     /usr/lib/jvm/java-8-openjdk-amd64/jre/lib/ext/localedata.jar
7f60a0dd4000-7f60a0def000 r--s 001d6000 fd:01 659429                     /usr/lib/jvm/java-8-openjdk-amd64/jre/lib/ext/nashorn.jar
7f60a0def000-7f60a0df0000 ---p 00000000 00:00 0 
7f60a0df0000-7f60a0ef0000 rw-p 00000000 00:00 0 
7f60a0ef0000-7f60a0ef3000 ---p 00000000 00:00 0 
7f60a0ef3000-7f60a0ff1000 rw-p 00000000 00:00 0 
7f60a0ff1000-7f60a0ff4000 ---p 00000000 00:00 0 
7f60a0ff4000-7f60a10f2000 rw-p 00000000 00:00 0 
7f60a10f2000-7f60a10f5000 ---p 00000000 00:00 0 
7f60a10f5000-7f60a11f3000 rw-p 00000000 00:00 0 
7f60a11f3000-7f60a11f6000 ---p 00000000 00:00 0 
7f60a11f6000-7f60a12f4000 rw-p 00000000 00:00 0 
7f60a12f4000-7f60a148c000 r--p 00000000 fd:01 11563                      /usr/lib/locale/locale-archive
7f60a148c000-7f60a148f000 ---p 00000000 00:00 0 
7f60a148f000-7f60a158d000 rw-p 00000000 00:00 0 
7f60a158d000-7f60a1590000 ---p 00000000 00:00 0 
7f60a1590000-7f60a168e000 rw-p 00000000 00:00 0 
7f60a168e000-7f60a168f000 ---p 00000000 00:00 0 
7f60a168f000-7f60a20fb000 rw-p 00000000 00:00 0 
7f60a20fb000-7f60a22cb000 r--s 03c5c000 fd:01 659406                     /usr/lib/jvm/java-8-openjdk-amd64/jre/lib/rt.jar
7f60a22cb000-7f60a2781000 rw-p 00000000 00:00 0 
7f60a2781000-7f60a2b41000 ---p 00000000 00:00 0 
7f60a2b41000-7f60a4c0f000 rw-p 00000000 00:00 0 
7f60a4c0f000-7f60a4c10000 ---p 00000000 00:00 0 
7f60a4c10000-7f60a4d10000 rw-p 00000000 00:00 0 
7f60a4d10000-7f60a4d11000 ---p 00000000 00:00 0 
7f60a4d11000-7f60a4e26000 rw-p 00000000 00:00 0 
7f60a4e26000-7f60a4f5a000 ---p 00000000 00:00 0 
7f60a4f5a000-7f60a4f65000 rw-p 00000000 00:00 0 
7f60a4f65000-7f60a4fff000 ---p 00000000 00:00 0 
7f60a4fff000-7f60a5000000 rw-p 00000000 00:00 0 
7f60a5000000-7f60a5270000 rwxp 00000000 00:00 0 
7f60a5270000-7f60b4000000 ---p 00000000 00:00 0 
7f60b4000000-7f60b4147000 rw-p 00000000 00:00 0 
7f60b4147000-7f60b8000000 ---p 00000000 00:00 0 
7f60b8003000-7f60b8004000 r--s 0000d000 fd:01 659427                     /usr/lib/jvm/java-8-openjdk-amd64/jre/lib/ext/sunec.jar
7f60b8004000-7f60b8006000 r--s 00001000 fd:01 659433                     /usr/lib/jvm/java-8-openjdk-amd64/jre/lib/ext/dnsns.jar
7f60b8006000-7f60b8009000 r--s 00039000 fd:01 659431                     /usr/lib/jvm/java-8-openjdk-amd64/jre/lib/ext/sunpkcs11.jar
7f60b8009000-7f60b801e000 rw-p 00000000 00:00 0 
7f60b801e000-7f60b8153000 ---p 00000000 00:00 0 
7f60b8153000-7f60b815d000 rw-p 00000000 00:00 0 
7f60b815d000-7f60b8513000 ---p 00000000 00:00 0 
7f60b8513000-7f60b851b000 r-xp 00000000 fd:01 659470                     /usr/lib/jvm/java-8-openjdk-amd64/jre/lib/amd64/libzip.so
7f60b851b000-7f60b871a000 ---p 00008000 fd:01 659470                     /usr/lib/jvm/java-8-openjdk-amd64/jre/lib/amd64/libzip.so
7f60b871a000-7f60b871b000 r--p 00007000 fd:01 659470                     /usr/lib/jvm/java-8-openjdk-amd64/jre/lib/amd64/libzip.so
7f60b871b000-7f60b871c000 rw-p 00008000 fd:01 659470                     /usr/lib/jvm/java-8-openjdk-amd64/jre/lib/amd64/libzip.so
7f60b871c000-7f60b8727000 r-xp 00000000 fd:01 5134                       /lib/x86_64-linux-gnu/libnss_files-2.23.so
7f60b8727000-7f60b8926000 ---p 0000b000 fd:01 5134                       /lib/x86_64-linux-gnu/libnss_files-2.23.so
7f60b8926000-7f60b8927000 r--p 0000a000 fd:01 5134                       /lib/x86_64-linux-gnu/libnss_files-2.23.so
7f60b8927000-7f60b8928000 rw-p 0000b000 fd:01 5134                       /lib/x86_64-linux-gnu/libnss_files-2.23.so
7f60b8928000-7f60b892e000 rw-p 00000000 00:00 0 
7f60b892e000-7f60b8939000 r-xp 00000000 fd:01 5127                       /lib/x86_64-linux-gnu/libnss_nis-2.23.so
7f60b8939000-7f60b8b38000 ---p 0000b000 fd:01 5127                       /lib/x86_64-linux-gnu/libnss_nis-2.23.so
7f60b8b38000-7f60b8b39000 r--p 0000a000 fd:01 5127                       /lib/x86_64-linux-gnu/libnss_nis-2.23.so
7f60b8b39000-7f60b8b3a000 rw-p 0000b000 fd:01 5127                       /lib/x86_64-linux-gnu/libnss_nis-2.23.so
7f60b8b3a000-7f60b8b50000 r-xp 00000000 fd:01 5132                       /lib/x86_64-linux-gnu/libnsl-2.23.so
7f60b8b50000-7f60b8d4f000 ---p 00016000 fd:01 5132                       /lib/x86_64-linux-gnu/libnsl-2.23.so
7f60b8d4f000-7f60b8d50000 r--p 00015000 fd:01 5132                       /lib/x86_64-linux-gnu/libnsl-2.23.so
7f60b8d50000-7f60b8d51000 rw-p 00016000 fd:01 5132                       /lib/x86_64-linux-gnu/libnsl-2.23.so
7f60b8d51000-7f60b8d53000 rw-p 00000000 00:00 0 
7f60b8d53000-7f60b8d5b000 r-xp 00000000 fd:01 5138                       /lib/x86_64-linux-gnu/libnss_compat-2.23.so
7f60b8d5b000-7f60b8f5a000 ---p 00008000 fd:01 5138                       /lib/x86_64-linux-gnu/libnss_compat-2.23.so
7f60b8f5a000-7f60b8f5b000 r--p 00007000 fd:01 5138                       /lib/x86_64-linux-gnu/libnss_compat-2.23.so
7f60b8f5b000-7f60b8f5c000 rw-p 00008000 fd:01 5138                       /lib/x86_64-linux-gnu/libnss_compat-2.23.so
7f60b8f5c000-7f60b8f85000 r-xp 00000000 fd:01 659454                     /usr/lib/jvm/java-8-openjdk-amd64/jre/lib/amd64/libjava.so
7f60b8f85000-7f60b9184000 ---p 00029000 fd:01 659454                     /usr/lib/jvm/java-8-openjdk-amd64/jre/lib/amd64/libjava.so
7f60b9184000-7f60b9185000 r--p 00028000 fd:01 659454                     /usr/lib/jvm/java-8-openjdk-amd64/jre/lib/amd64/libjava.so
7f60b9185000-7f60b9187000 rw-p 00029000 fd:01 659454                     /usr/lib/jvm/java-8-openjdk-amd64/jre/lib/amd64/libjava.so
7f60b9187000-7f60b9196000 r-xp 00000000 fd:01 659472                     /usr/lib/jvm/java-8-openjdk-amd64/jre/lib/amd64/libverify.so
7f60b9196000-7f60b9395000 ---p 0000f000 fd:01 659472                     /usr/lib/jvm/java-8-openjdk-amd64/jre/lib/amd64/libverify.so
7f60b9395000-7f60b9397000 r--p 0000e000 fd:01 659472                     /usr/lib/jvm/java-8-openjdk-amd64/jre/lib/amd64/libverify.so
7f60b9397000-7f60b9398000 rw-p 00010000 fd:01 659472                     /usr/lib/jvm/java-8-openjdk-amd64/jre/lib/amd64/libverify.so
7f60b9398000-7f60b939f000 r-xp 00000000 fd:01 5120                       /lib/x86_64-linux-gnu/librt-2.23.so
7f60b939f000-7f60b959e000 ---p 00007000 fd:01 5120                       /lib/x86_64-linux-gnu/librt-2.23.so
7f60b959e000-7f60b959f000 r--p 00006000 fd:01 5120                       /lib/x86_64-linux-gnu/librt-2.23.so
7f60b959f000-7f60b95a0000 rw-p 00007000 fd:01 5120                       /lib/x86_64-linux-gnu/librt-2.23.so
7f60b95a0000-7f60b95b6000 r-xp 00000000 fd:01 3821                       /lib/x86_64-linux-gnu/libgcc_s.so.1
7f60b95b6000-7f60b97b5000 ---p 00016000 fd:01 3821                       /lib/x86_64-linux-gnu/libgcc_s.so.1
7f60b97b5000-7f60b97b6000 rw-p 00015000 fd:01 3821                       /lib/x86_64-linux-gnu/libgcc_s.so.1
7f60b97b6000-7f60b98be000 r-xp 00000000 fd:01 5140                       /lib/x86_64-linux-gnu/libm-2.23.so
7f60b98be000-7f60b9abd000 ---p 00108000 fd:01 5140                       /lib/x86_64-linux-gnu/libm-2.23.so
7f60b9abd000-7f60b9abe000 r--p 00107000 fd:01 5140                       /lib/x86_64-linux-gnu/libm-2.23.so
7f60b9abe000-7f60b9abf000 rw-p 00108000 fd:01 5140                       /lib/x86_64-linux-gnu/libm-2.23.so
7f60b9abf000-7f60b9c31000 r-xp 00000000 fd:01 2347                       /usr/lib/x86_64-linux-gnu/libstdc++.so.6.0.21
7f60b9c31000-7f60b9e31000 ---p 00172000 fd:01 2347                       /usr/lib/x86_64-linux-gnu/libstdc++.so.6.0.21
7f60b9e31000-7f60b9e3b000 r--p 00172000 fd:01 2347                       /usr/lib/x86_64-linux-gnu/libstdc++.so.6.0.21
7f60b9e3b000-7f60b9e3d000 rw-p 0017c000 fd:01 2347                       /usr/lib/x86_64-linux-gnu/libstdc++.so.6.0.21
7f60b9e3d000-7f60b9e41000 rw-p 00000000 00:00 0 
7f60b9e41000-7f60baaa5000 r-xp 00000000 fd:01 659483                     /usr/lib/jvm/java-8-openjdk-amd64/jre/lib/amd64/server/libjvm.so
7f60baaa5000-7f60baca4000 ---p 00c64000 fd:01 659483                     /usr/lib/jvm/java-8-openjdk-amd64/jre/lib/amd64/server/libjvm.so
7f60baca4000-7f60bad38000 r--p 00c63000 fd:01 659483                     /usr/lib/jvm/java-8-openjdk-amd64/jre/lib/amd64/server/libjvm.so
7f60bad38000-7f60bad61000 rw-p 00cf7000 fd:01 659483                     /usr/lib/jvm/java-8-openjdk-amd64/jre/lib/amd64/server/libjvm.so
7f60bad61000-7f60bad91000 rw-p 00000000 00:00 0 
7f60bad91000-7f60bada9000 r-xp 00000000 fd:01 5124                       /lib/x86_64-linux-gnu/libpthread-2.23.so
7f60bada9000-7f60bafa8000 ---p 00018000 fd:01 5124                       /lib/x86_64-linux-gnu/libpthread-2.23.so
7f60bafa8000-7f60bafa9000 r--p 00017000 fd:01 5124                       /lib/x86_64-linux-gnu/libpthread-2.23.so
7f60bafa9000-7f60bafaa000 rw-p 00018000 fd:01 5124                       /lib/x86_64-linux-gnu/libpthread-2.23.so
7f60bafaa000-7f60bafae000 rw-p 00000000 00:00 0 
7f60bafae000-7f60bafb1000 r-xp 00000000 fd:01 5122                       /lib/x86_64-linux-gnu/libdl-2.23.so
7f60bafb1000-7f60bb1b0000 ---p 00003000 fd:01 5122                       /lib/x86_64-linux-gnu/libdl-2.23.so
7f60bb1b0000-7f60bb1b1000 r--p 00002000 fd:01 5122                       /lib/x86_64-linux-gnu/libdl-2.23.so
7f60bb1b1000-7f60bb1b2000 rw-p 00003000 fd:01 5122                       /lib/x86_64-linux-gnu/libdl-2.23.so
7f60bb1b2000-7f60bb1cb000 r-xp 00000000 fd:01 22009                      /lib/x86_64-linux-gnu/libz.so.1.2.8
7f60bb1cb000-7f60bb3ca000 ---p 00019000 fd:01 22009                      /lib/x86_64-linux-gnu/libz.so.1.2.8
7f60bb3ca000-7f60bb3cb000 r--p 00018000 fd:01 22009                      /lib/x86_64-linux-gnu/libz.so.1.2.8
7f60bb3cb000-7f60bb3cc000 rw-p 00019000 fd:01 22009                      /lib/x86_64-linux-gnu/libz.so.1.2.8
7f60bb3cc000-7f60bb58c000 r-xp 00000000 fd:01 5137                       /lib/x86_64-linux-gnu/libc-2.23.so
7f60bb58c000-7f60bb78c000 ---p 001c0000 fd:01 5137                       /lib/x86_64-linux-gnu/libc-2.23.so
7f60bb78c000-7f60bb790000 r--p 001c0000 fd:01 5137                       /lib/x86_64-linux-gnu/libc-2.23.so
7f60bb790000-7f60bb792000 rw-p 001c4000 fd:01 5137                       /lib/x86_64-linux-gnu/libc-2.23.so
7f60bb792000-7f60bb796000 rw-p 00000000 00:00 0 
7f60bb796000-7f60bb7a3000 r-xp 00000000 fd:01 659464                     /usr/lib/jvm/java-8-openjdk-amd64/jre/lib/amd64/jli/libjli.so
7f60bb7a3000-7f60bb9a2000 ---p 0000d000 fd:01 659464                     /usr/lib/jvm/java-8-openjdk-amd64/jre/lib/amd64/jli/libjli.so
7f60bb9a2000-7f60bb9a3000 r--p 0000c000 fd:01 659464                     /usr/lib/jvm/java-8-openjdk-amd64/jre/lib/amd64/jli/libjli.so
7f60bb9a3000-7f60bb9a4000 rw-p 0000d000 fd:01 659464                     /usr/lib/jvm/java-8-openjdk-amd64/jre/lib/amd64/jli/libjli.so
7f60bb9a4000-7f60bb9ca000 r-xp 00000000 fd:01 5123                       /lib/x86_64-linux-gnu/ld-2.23.so
7f60bb9ca000-7f60bb9cd000 r--s 0000f000 fd:01 659428                     /usr/lib/jvm/java-8-openjdk-amd64/jre/lib/ext/icedtea-sound.jar
7f60bb9cd000-7f60bbab2000 rw-p 00000000 00:00 0 
7f60bbab2000-7f60bbaba000 rw-s 00000000 fd:01 793793                     /tmp/hsperfdata_ubuntu/13440
7f60bbaba000-7f60bbabd000 ---p 00000000 00:00 0 
7f60bbabd000-7f60bbbbf000 rw-p 00000000 00:00 0 
7f60bbbbf000-7f60bbbc0000 r--s 0000a000 fd:01 659430                     /usr/lib/jvm/java-8-openjdk-amd64/jre/lib/ext/jaccess.jar
7f60bbbc0000-7f60bbbc1000 r--s 00010000 fd:01 659435                     /usr/lib/jvm/java-8-openjdk-amd64/jre/lib/ext/zipfs.jar
7f60bbbc1000-7f60bbbc6000 r--s 0003c000 fd:01 659434                     /usr/lib/jvm/java-8-openjdk-amd64/jre/lib/ext/sunjce_provider.jar
7f60bbbc6000-7f60bbbc7000 rw-p 00000000 00:00 0 
7f60bbbc7000-7f60bbbc8000 r--p 00000000 00:00 0 
7f60bbbc8000-7f60bbbc9000 rw-p 00000000 00:00 0 
7f60bbbc9000-7f60bbbca000 r--p 00025000 fd:01 5123                       /lib/x86_64-linux-gnu/ld-2.23.so
7f60bbbca000-7f60bbbcb000 rw-p 00026000 fd:01 5123                       /lib/x86_64-linux-gnu/ld-2.23.so
7f60bbbcb000-7f60bbbcc000 rw-p 00000000 00:00 0 
7ffea21bf000-7ffea21e0000 rw-p 00000000 00:00 0                          [stack]
7ffea21e1000-7ffea21e3000 r--p 00000000 00:00 0                          [vvar]
7ffea21e3000-7ffea21e5000 r-xp 00000000 00:00 0                          [vdso]
ffffffffff600000-ffffffffff601000 r-xp 00000000 00:00 0                  [vsyscall]

VM Arguments:
jvm_args: -Djava.library.path=. 
java_command: Hello
java_class_path (initial): .
Launcher Type: SUN_STANDARD

Environment Variables:
PATH=/usr/local/sbin:/usr/local/bin:/usr/sbin:/usr/bin:/sbin:/bin:/usr/games:/usr/local/games:/snap/bin
SHELL=/bin/bash

Signal Handlers:
SIGSEGV: [libjvm.so+0xa783e0], sa_mask[0]=11111111011111111101111111111110, sa_flags=SA_RESTART|SA_SIGINFO
SIGBUS: [libjvm.so+0xa783e0], sa_mask[0]=11111111011111111101111111111110, sa_flags=SA_RESTART|SA_SIGINFO
SIGFPE: [libjvm.so+0x8c0e10], sa_mask[0]=11111111011111111101111111111110, sa_flags=SA_RESTART|SA_SIGINFO
SIGPIPE: [libjvm.so+0x8c0e10], sa_mask[0]=11111111011111111101111111111110, sa_flags=SA_RESTART|SA_SIGINFO
SIGXFSZ: [libjvm.so+0x8c0e10], sa_mask[0]=11111111011111111101111111111110, sa_flags=SA_RESTART|SA_SIGINFO
SIGILL: [libjvm.so+0x8c0e10], sa_mask[0]=11111111011111111101111111111110, sa_flags=SA_RESTART|SA_SIGINFO
SIGUSR1: SIG_DFL, sa_mask[0]=00000000000000000000000000000000, sa_flags=none
SIGUSR2: [libjvm.so+0x8c0cc0], sa_mask[0]=00000000000000000000000000000000, sa_flags=SA_RESTART|SA_SIGINFO
SIGHUP: [libjvm.so+0x8c1350], sa_mask[0]=11111111011111111101111111111110, sa_flags=SA_RESTART|SA_SIGINFO
SIGINT: [libjvm.so+0x8c1350], sa_mask[0]=11111111011111111101111111111110, sa_flags=SA_RESTART|SA_SIGINFO
SIGTERM: [libjvm.so+0x8c1350], sa_mask[0]=11111111011111111101111111111110, sa_flags=SA_RESTART|SA_SIGINFO
SIGQUIT: [libjvm.so+0x8c1350], sa_mask[0]=11111111011111111101111111111110, sa_flags=SA_RESTART|SA_SIGINFO


---------------  S Y S T E M  ---------------

OS:DISTRIB_ID=Ubuntu
DISTRIB_RELEASE=16.04
DISTRIB_CODENAME=xenial
DISTRIB_DESCRIPTION="Ubuntu 16.04.6 LTS"

uname:Linux 4.4.0-98-generic #121-Ubuntu SMP Tue Oct 10 14:24:03 UTC 2017 x86_64
libc:glibc 2.23 NPTL 2.23 
rlimit: STACK 8192k, CORE 0k, NPROC 15649, NOFILE 1048576, AS infinity
load average:0.26 0.16 0.06

/proc/meminfo:
MemTotal:        4046500 kB
MemFree:         1448064 kB
MemAvailable:    3665304 kB
Buffers:          150488 kB
Cached:          2141136 kB
SwapCached:            0 kB
Active:          1158028 kB
Inactive:        1162736 kB
Active(anon):      31976 kB
Inactive(anon):     5240 kB
Active(file):    1126052 kB
Inactive(file):  1157496 kB
Unevictable:        3652 kB
Mlocked:            3652 kB
SwapTotal:             0 kB
SwapFree:              0 kB
Dirty:                60 kB
Writeback:             0 kB
AnonPages:         32900 kB
Mapped:            42548 kB
Shmem:              5656 kB
Slab:             243444 kB
SReclaimable:     221280 kB
SUnreclaim:        22164 kB
KernelStack:        2080 kB
PageTables:         2900 kB
NFS_Unstable:          0 kB
Bounce:                0 kB
WritebackTmp:          0 kB
CommitLimit:     2023248 kB
Committed_AS:     367864 kB
VmallocTotal:   34359738367 kB
VmallocUsed:           0 kB
VmallocChunk:          0 kB
HardwareCorrupted:     0 kB
AnonHugePages:      4096 kB
CmaTotal:              0 kB
CmaFree:               0 kB
HugePages_Total:       0
HugePages_Free:        0
HugePages_Rsvd:        0
HugePages_Surp:        0
Hugepagesize:       2048 kB
DirectMap4k:       71668 kB
DirectMap2M:     4122624 kB

container (cgroup) information:
container_type: cgroupv1
cpu_cpuset_cpus: 0-1
cpu_memory_nodes: 0
active_processor_count: 2
cpu_quota: -1
cpu_period: 100000
cpu_shares: -1
memory_limit_in_bytes: -1
memory_and_swap_limit_in_bytes: -2
memory_soft_limit_in_bytes: -1
memory_usage_in_bytes: 1998950400
memory_max_usage_in_bytes: 2154721280


CPU:total 2 (initial active 2) (2 cores per cpu, 1 threads per core) family 6 model 13 stepping 3, cmov, cx8, fxsr, mmx, sse, sse2, sse3, tsc

/proc/cpuinfo:
processor	: 0
vendor_id	: GenuineIntel
cpu family	: 6
model		: 13
model name	: QEMU Virtual CPU version (cpu64-rhel6)
stepping	: 3
microcode	: 0x1
cpu MHz		: 2899.998
cache size	: 4096 KB
physical id	: 0
siblings	: 2
core id		: 0
cpu cores	: 2
apicid		: 0
initial apicid	: 0
fpu		: yes
fpu_exception	: yes
cpuid level	: 4
wp		: yes
flags		: fpu de pse tsc msr pae mce cx8 apic mtrr pge mca cmov pse36 clflush mmx fxsr sse sse2 ht syscall nx lm nopl pni cx16 hypervisor lahf_lm
bugs		:
bogomips	: 5799.99
clflush size	: 64
cache_alignment	: 64
address sizes	: 46 bits physical, 48 bits virtual
power management:

processor	: 1
vendor_id	: GenuineIntel
cpu family	: 6
model		: 13
model name	: QEMU Virtual CPU version (cpu64-rhel6)
stepping	: 3
microcode	: 0x1
cpu MHz		: 2899.998
cache size	: 4096 KB
physical id	: 0
siblings	: 2
core id		: 1
cpu cores	: 2
apicid		: 1
initial apicid	: 1
fpu		: yes
fpu_exception	: yes
cpuid level	: 4
wp		: yes
flags		: fpu de pse tsc msr pae mce cx8 apic mtrr pge mca cmov pse36 clflush mmx fxsr sse sse2 ht syscall nx lm nopl pni cx16 hypervisor lahf_lm
bugs		:
bogomips	: 5799.99
clflush size	: 64
cache_alignment	: 64
address sizes	: 46 bits physical, 48 bits virtual
power management:



Memory: 4k page, physical 4046500k(1448064k free), swap 0k(0k free)

vm_info: OpenJDK 64-Bit Server VM (25.222-b10) for linux-amd64 JRE (1.8.0_222-8u222-b10-1ubuntu1~16.04.1-b10), built on Jul 18 2019 20:25:18 by "buildd" with gcc 5.4.0 20160609

time: Thu Aug  8 00:17:18 2019
timezone: UTC
elapsed time: 0 seconds (0d 0h 0m 0s)

