#
# A fatal error has been detected by the Java Runtime Environment:
#
#  SIGSEGV (0xb) at pc=0x00007faf1af429d7, pid=13422, tid=0x00007faf1c637700
#
# JRE version: OpenJDK Runtime Environment (8.0_222-b10) (build 1.8.0_222-8u222-b10-1ubuntu1~16.04.1-b10)
# Java VM: OpenJDK 64-Bit Server VM (25.222-b10 mixed mode linux-amd64 compressed oops)
# Problematic frame:
# V  [libjvm.so+0x6849d7]
#
# Failed to write core dump. Core dumps have been disabled. To enable core dumping, try "ulimit -c unlimited" before starting Java again
#
# If you would like to submit a bug report, please visit:
#   http://bugreport.java.com/bugreport/crash.jsp
#

---------------  T H R E A D  ---------------

Current thread (0x00007faf1400a800):  JavaThread "main" [_thread_in_vm, id=13423, stack(0x00007faf1c537000,0x00007faf1c638000)]

siginfo: si_signo: 11 (SIGSEGV), si_code: 1 (SEGV_MAPERR), si_addr: 0x0000000000000000

Registers:
RAX=0x00007faf1b396708, RBX=0x00007faf1400a800, RCX=0x00007faf1c6367c0, RDX=0x00007faf1400b138
RSP=0x00007faf1c6366c0, RBP=0x00007faf1c636780, RSI=0x00007faf140754d0, RDI=0x00007faf1400a800
R8 =0x0000000000000000, R9 =0x00000000000000af, R10=0x0000000000000000, R11=0xfffffffffffffffd
R12=0x00007faf1400a9e0, R13=0x0000000000000000, R14=0x00007faf1c6369a0, R15=0x00007faf1c6367c0
RIP=0x00007faf1af429d7, EFLAGS=0x0000000000010202, CSGSFS=0x0000000000000033, ERR=0x0000000000000004
  TRAPNO=0x000000000000000e

Top of Stack: (sp=0x00007faf1c6366c0)
0x00007faf1c6366c0:   000000000000000e 00007faf140754d0
0x00007faf1c6366d0:   0000000000000000 00007faf1c49aaf0
0x00007faf1c6366e0:   00007faf1400a800 00007faf1400b130
0x00007faf1c6366f0:   00007faf0000064f 00007faf1b396708
0x00007faf1c636700:   00007faf1c636760 00007faf1c6366b0
0x00007faf1c636710:   00007faf1c6366f8 0000000800000002
0x00007faf1c636720:   0000000004800301 aa7017a412e20b00
0x00007faf1c636730:   00007faf1c636760 00007faf1c49aaf0
0x00007faf1c636740:   00007faf1c6367a0 aa7017a412e20b00
0x00007faf1c636750:   0000000000000000 00007faf04c00598
0x00007faf1c636760:   0000000000000000 00007faf04c00590
0x00007faf1c636770:   00007faf1c6369a0 00007faf1400a800
0x00007faf1c636780:   00007faf1c636890 00007faeff45e359
0x00007faf1c636790:   0000000000000000 0000000000000000
0x00007faf1c6367a0:   00007faf140754d0 00007faf1400a9e0
0x00007faf1c6367b0:   ffffff0000000000 aa7017a412e20b00
0x00007faf1c6367c0:   0000003000000018 00007faf1c6368a0
0x00007faf1c6367d0:   00007faf1c6367e0 aa7017a412e20b00
0x00007faf1c6367e0:   00007faf1400a800 00007faf1400a800
0x00007faf1c6367f0:   00007faf1c636860 00007faf140754d0
0x00007faf1c636800:   0000000000000000 00000000000000af
0x00007faf1c636810:   00007faf1c636870 00007faf1af3c278
0x00007faf1c636820:   00007faf1400a800 aa7017a412e20b00
0x00007faf1c636830:   00007faf1c636840 00007faf04c00598
0x00007faf1c636840:   0000000000000000 00007faf04c00590
0x00007faf1c636850:   00007faf1c6369a0 00007faf1400a800
0x00007faf1c636860:   00007faf1c636890 00007faeff45e290
0x00007faf1c636870:   00007faeff45e4ee 00007faeff45e503
0x00007faf1c636880:   00007faf140754d8 00007faf1400a9e0
0x00007faf1c636890:   00007faf1c636910 00007faeff45e17c
0x00007faf1c6368a0:   00007faf1400a800 00007faf1c636998
0x00007faf1c6368b0:   00007faf1c6369a0 00007faf1400a9e0 

Instructions: (pc=0x00007faf1af429d7)
0x00007faf1af429b7:   89 9d 60 ff ff ff 48 c7 85 68 ff ff ff 00 00 00
0x00007faf1af429c7:   00 74 0c 48 8d bd 60 ff ff ff e8 7a 88 29 00 90
0x00007faf1af429d7:   49 8b 45 00 c7 85 50 ff ff ff 0c 00 00 00 4c 8d
0x00007faf1af429e7:   75 80 4c 89 f7 48 8b 40 08 0f b7 50 24 48 8b 40 

Register to memory mapping:

RAX=0x00007faf1b396708: <offset 0xad8708> in /usr/lib/jvm/java-8-openjdk-amd64/jre/lib/amd64/server/libjvm.so at 0x00007faf1a8be000
RBX=0x00007faf1400a800 is a thread
RCX=0x00007faf1c6367c0 is pointing into the stack for thread: 0x00007faf1400a800
RDX=0x00007faf1400b138 is an unknown value
RSP=0x00007faf1c6366c0 is pointing into the stack for thread: 0x00007faf1400a800
RBP=0x00007faf1c636780 is pointing into the stack for thread: 0x00007faf1400a800
RSI=0x00007faf140754d0 is an unknown value
RDI=0x00007faf1400a800 is a thread
R8 =0x0000000000000000 is an unknown value
R9 =0x00000000000000af is an unknown value
R10=0x0000000000000000 is an unknown value
R11=0xfffffffffffffffd is an unknown value
R12=0x00007faf1400a9e0 is an unknown value
R13=0x0000000000000000 is an unknown value
R14=0x00007faf1c6369a0 is pointing into the stack for thread: 0x00007faf1400a800
R15=0x00007faf1c6367c0 is pointing into the stack for thread: 0x00007faf1400a800


Stack: [0x00007faf1c537000,0x00007faf1c638000],  sp=0x00007faf1c6366c0,  free space=1021k
Native frames: (J=compiled Java code, j=interpreted, Vv=VM code, C=native code)
V  [libjvm.so+0x6849d7]
C  [libHello.so+0x1359]  JNIEnv_::CallObjectMethod(_jobject*, _jmethodID*, ...)+0xc7
C  [libHello.so+0x117c]  Java_Hello_jniLoadObject+0x1b4
j  Hello.jniLoadObject(Ljava/lang/Object;)V+0
j  Hello.main([Ljava/lang/String;)V+40
v  ~StubRoutines::call_stub
V  [libjvm.so+0x6685d0]
V  [libjvm.so+0x68b07e]
V  [libjvm.so+0x68d9af]
C  [libjli.so+0x34e2]
C  [libjli.so+0x737d]
C  [libpthread.so.0+0x76ba]  start_thread+0xca

Java frames: (J=compiled Java code, j=interpreted, Vv=VM code)
j  Hello.jniLoadObject(Ljava/lang/Object;)V+0
j  Hello.main([Ljava/lang/String;)V+40
v  ~StubRoutines::call_stub

---------------  P R O C E S S  ---------------

Java Threads: ( => current thread )
  0x00007faf140c1800 JavaThread "Service Thread" daemon [_thread_blocked, id=13432, stack(0x00007faeff761000,0x00007faeff862000)]
  0x00007faf140b6800 JavaThread "C1 CompilerThread1" daemon [_thread_in_native, id=13431, stack(0x00007faeff862000,0x00007faeff963000)]
  0x00007faf140b4000 JavaThread "C2 CompilerThread0" daemon [_thread_blocked, id=13430, stack(0x00007faeff963000,0x00007faeffa64000)]
  0x00007faf140b2800 JavaThread "Signal Dispatcher" daemon [_thread_blocked, id=13429, stack(0x00007faeffa64000,0x00007faeffb65000)]
  0x00007faf14080000 JavaThread "Finalizer" daemon [_thread_blocked, id=13428, stack(0x00007faeffcfd000,0x00007faeffdfe000)]
  0x00007faf1407d800 JavaThread "Reference Handler" daemon [_thread_blocked, id=13427, stack(0x00007faeffdfe000,0x00007faeffeff000)]
=>0x00007faf1400a800 JavaThread "main" [_thread_in_vm, id=13423, stack(0x00007faf1c537000,0x00007faf1c638000)]

Other Threads:
  0x00007faf14074000 VMThread [stack: 0x00007faeffeff000,0x00007faf00000000] [id=13426]
  0x00007faf140c4000 WatcherThread [stack: 0x00007faeff660000,0x00007faeff761000] [id=13433]

VM state:not at safepoint (normal execution)

VM Mutex/Monitor currently owned by a thread: None

heap address: 0x00000000c2400000, size: 988 MB, Compressed Oops mode: 32-bit
Narrow klass base: 0x0000000000000000, Narrow klass shift: 3
Compressed class space size: 1073741824 Address: 0x0000000100000000

Heap:
 PSYoungGen      total 18432K, used 635K [0x00000000eb700000, 0x00000000ecb80000, 0x0000000100000000)
  eden space 15872K, 4% used [0x00000000eb700000,0x00000000eb79ec60,0x00000000ec680000)
  from space 2560K, 0% used [0x00000000ec900000,0x00000000ec900000,0x00000000ecb80000)
  to   space 2560K, 0% used [0x00000000ec680000,0x00000000ec680000,0x00000000ec900000)
 ParOldGen       total 42496K, used 0K [0x00000000c2400000, 0x00000000c4d80000, 0x00000000eb700000)
  object space 42496K, 0% used [0x00000000c2400000,0x00000000c2400000,0x00000000c4d80000)
 Metaspace       used 2564K, capacity 4486K, committed 4864K, reserved 1056768K
  class space    used 270K, capacity 386K, committed 512K, reserved 1048576K

Card table byte_map: [0x00007faf189e1000,0x00007faf18bd0000] byte_map_base: 0x00007faf183cf000

Marking Bits: (ParMarkBitMap*) 0x00007faf1b7f1540
 Begin Bits: [0x00007faefb120000, 0x00007faefc090000)
 End Bits:   [0x00007faefc090000, 0x00007faefd000000)

Polling page: 0x00007faf1c644000

CodeCache: size=245760Kb used=1080Kb max_used=1080Kb free=244679Kb
 bounds [0x00007faf05000000, 0x00007faf05270000, 0x00007faf14000000]
 total_blobs=244 nmethods=14 adapters=147
 compilation: enabled

Compilation events (10 events):
Event: 0.137 Thread 0x00007faf140b6800 nmethod 10 0x00007faf0510c610 code [0x00007faf0510c7a0, 0x00007faf0510cbf8]
Event: 0.137 Thread 0x00007faf140b6800   11       1       java.lang.ref.Reference::get (5 bytes)
Event: 0.137 Thread 0x00007faf140b6800 nmethod 11 0x00007faf0510cd90 code [0x00007faf0510cee0, 0x00007faf0510cff0]
Event: 0.138 Thread 0x00007faf140b6800   12       1       java.lang.ThreadLocal::access$400 (5 bytes)
Event: 0.139 Thread 0x00007faf140b6800 nmethod 12 0x00007faf0510d050 code [0x00007faf0510d1a0, 0x00007faf0510d290]
Event: 0.144 Thread 0x00007faf140b6800   13       3       java.lang.AbstractStringBuilder::append (50 bytes)
Event: 0.145 Thread 0x00007faf140b6800 nmethod 13 0x00007faf0510d310 code [0x00007faf0510d4e0, 0x00007faf0510dc18]
Event: 0.145 Thread 0x00007faf140b6800   14       3       java.lang.String::getChars (62 bytes)
Event: 0.146 Thread 0x00007faf140b6800 nmethod 14 0x00007faf0510df10 code [0x00007faf0510e0c0, 0x00007faf0510e4f8]
Event: 0.151 Thread 0x00007faf140b6800   15       3       sun.nio.cs.UTF_8$Encoder::encode (359 bytes)

GC Heap History (0 events):
No events

Deoptimization events (0 events):
No events

Classes redefined (0 events):
No events

Internal exceptions (3 events):
Event: 0.045 Thread 0x00007faf1400a800 Exception <a 'java/lang/NoSuchMethodError': Method sun.misc.Unsafe.defineClass(Ljava/lang/String;[BII)Ljava/lang/Class; name or signature does not match> (0x00000000eb707cb8) thrown at [/build/openjdk-8-g3XteX/openjdk-8-8u222-b10/src/hotspot/src/share/vm/
Event: 0.045 Thread 0x00007faf1400a800 Exception <a 'java/lang/NoSuchMethodError': Method sun.misc.Unsafe.prefetchRead(Ljava/lang/Object;J)V name or signature does not match> (0x00000000eb707fa0) thrown at [/build/openjdk-8-g3XteX/openjdk-8-8u222-b10/src/hotspot/src/share/vm/prims/jni.cpp, lin
Event: 0.151 Thread 0x00007faf1400a800 Exception <a 'java/lang/NoSuchMethodError': get> (0x00000000eb75fa10) thrown at [/build/openjdk-8-g3XteX/openjdk-8-8u222-b10/src/hotspot/src/share/vm/prims/jni.cpp, line 1615]

Events (10 events):
Event: 0.149 loading class java/nio/charset/CoderResult
Event: 0.149 loading class java/nio/charset/CoderResult done
Event: 0.149 loading class java/nio/charset/CoderResult$1
Event: 0.149 loading class java/nio/charset/CoderResult$Cache
Event: 0.149 loading class java/nio/charset/CoderResult$Cache done
Event: 0.149 loading class java/nio/charset/CoderResult$1 done
Event: 0.150 loading class java/nio/charset/CoderResult$2
Event: 0.150 loading class java/nio/charset/CoderResult$2 done
Event: 0.150 loading class Test
Event: 0.150 loading class Test done


Dynamic libraries:
00400000-00401000 r-xp 00000000 fd:01 659370                             /usr/lib/jvm/java-8-openjdk-amd64/jre/bin/java
00600000-00601000 r--p 00000000 fd:01 659370                             /usr/lib/jvm/java-8-openjdk-amd64/jre/bin/java
00601000-00602000 rw-p 00001000 fd:01 659370                             /usr/lib/jvm/java-8-openjdk-amd64/jre/bin/java
01a67000-01a88000 rw-p 00000000 00:00 0                                  [heap]
c2400000-c4d80000 rw-p 00000000 00:00 0 
c4d80000-eb700000 ---p 00000000 00:00 0 
eb700000-ecb80000 rw-p 00000000 00:00 0 
ecb80000-100000000 ---p 00000000 00:00 0 
100000000-100080000 rw-p 00000000 00:00 0 
100080000-140000000 ---p 00000000 00:00 0 
7faed4000000-7faed4021000 rw-p 00000000 00:00 0 
7faed4021000-7faed8000000 ---p 00000000 00:00 0 
7faed8000000-7faed8021000 rw-p 00000000 00:00 0 
7faed8021000-7faedc000000 ---p 00000000 00:00 0 
7faedc000000-7faedc04e000 rw-p 00000000 00:00 0 
7faedc04e000-7faee0000000 ---p 00000000 00:00 0 
7faee0000000-7faee002d000 rw-p 00000000 00:00 0 
7faee002d000-7faee4000000 ---p 00000000 00:00 0 
7faee4000000-7faee4021000 rw-p 00000000 00:00 0 
7faee4021000-7faee8000000 ---p 00000000 00:00 0 
7faee8000000-7faee8021000 rw-p 00000000 00:00 0 
7faee8021000-7faeec000000 ---p 00000000 00:00 0 
7faeec000000-7faeec021000 rw-p 00000000 00:00 0 
7faeec021000-7faef0000000 ---p 00000000 00:00 0 
7faef0000000-7faef0021000 rw-p 00000000 00:00 0 
7faef0021000-7faef4000000 ---p 00000000 00:00 0 
7faef4000000-7faef4021000 rw-p 00000000 00:00 0 
7faef4021000-7faef8000000 ---p 00000000 00:00 0 
7faefb120000-7faefd000000 rw-p 00000000 00:00 0 
7faeff45d000-7faeff45f000 r-xp 00000000 fd:01 659115                     /home/ubuntu/JNIExample/jni-example/libHello.so
7faeff45f000-7faeff65e000 ---p 00002000 fd:01 659115                     /home/ubuntu/JNIExample/jni-example/libHello.so
7faeff65e000-7faeff65f000 r--p 00001000 fd:01 659115                     /home/ubuntu/JNIExample/jni-example/libHello.so
7faeff65f000-7faeff660000 rw-p 00002000 fd:01 659115                     /home/ubuntu/JNIExample/jni-example/libHello.so
7faeff660000-7faeff661000 ---p 00000000 00:00 0 
7faeff661000-7faeff761000 rw-p 00000000 00:00 0 
7faeff761000-7faeff764000 ---p 00000000 00:00 0 
7faeff764000-7faeff862000 rw-p 00000000 00:00 0 
7faeff862000-7faeff865000 ---p 00000000 00:00 0 
7faeff865000-7faeff963000 rw-p 00000000 00:00 0 
7faeff963000-7faeff966000 ---p 00000000 00:00 0 
7faeff966000-7faeffa64000 rw-p 00000000 00:00 0 
7faeffa64000-7faeffa67000 ---p 00000000 00:00 0 
7faeffa67000-7faeffb65000 rw-p 00000000 00:00 0 
7faeffb65000-7faeffcfd000 r--p 00000000 fd:01 11563                      /usr/lib/locale/locale-archive
7faeffcfd000-7faeffd00000 ---p 00000000 00:00 0 
7faeffd00000-7faeffdfe000 rw-p 00000000 00:00 0 
7faeffdfe000-7faeffe01000 ---p 00000000 00:00 0 
7faeffe01000-7faeffeff000 rw-p 00000000 00:00 0 
7faeffeff000-7faefff00000 ---p 00000000 00:00 0 
7faefff00000-7faf00000000 rw-p 00000000 00:00 0 
7faf00000000-7faf00021000 rw-p 00000000 00:00 0 
7faf00021000-7faf04000000 ---p 00000000 00:00 0 
7faf040af000-7faf040b0000 r--s 0000d000 fd:01 659427                     /usr/lib/jvm/java-8-openjdk-amd64/jre/lib/ext/sunec.jar
7faf040b0000-7faf040cb000 r--s 00394000 fd:01 659432                     /usr/lib/jvm/java-8-openjdk-amd64/jre/lib/ext/cldrdata.jar
7faf040cb000-7faf040d5000 r--s 00116000 fd:01 659436                     /usr/lib/jvm/java-8-openjdk-amd64/jre/lib/ext/localedata.jar
7faf040d5000-7faf040d8000 r--s 00039000 fd:01 659431                     /usr/lib/jvm/java-8-openjdk-amd64/jre/lib/ext/sunpkcs11.jar
7faf040d8000-7faf04c40000 rw-p 00000000 00:00 0 
7faf04c40000-7faf05000000 ---p 00000000 00:00 0 
7faf05000000-7faf05270000 rwxp 00000000 00:00 0 
7faf05270000-7faf14000000 ---p 00000000 00:00 0 
7faf14000000-7faf1413f000 rw-p 00000000 00:00 0 
7faf1413f000-7faf18000000 ---p 00000000 00:00 0 
7faf18000000-7faf18002000 r--s 00001000 fd:01 659433                     /usr/lib/jvm/java-8-openjdk-amd64/jre/lib/ext/dnsns.jar
7faf18002000-7faf1801d000 r--s 001d6000 fd:01 659429                     /usr/lib/jvm/java-8-openjdk-amd64/jre/lib/ext/nashorn.jar
7faf1801d000-7faf18261000 rw-p 00000000 00:00 0 
7faf18261000-7faf18431000 r--s 03c5c000 fd:01 659406                     /usr/lib/jvm/java-8-openjdk-amd64/jre/lib/rt.jar
7faf18431000-7faf18695000 rw-p 00000000 00:00 0 
7faf18695000-7faf18696000 ---p 00000000 00:00 0 
7faf18696000-7faf18796000 rw-p 00000000 00:00 0 
7faf18796000-7faf18797000 ---p 00000000 00:00 0 
7faf18797000-7faf188ac000 rw-p 00000000 00:00 0 
7faf188ac000-7faf189e1000 ---p 00000000 00:00 0 
7faf189e1000-7faf189f6000 rw-p 00000000 00:00 0 
7faf189f6000-7faf18b2a000 ---p 00000000 00:00 0 
7faf18b2a000-7faf18b35000 rw-p 00000000 00:00 0 
7faf18b35000-7faf18bcf000 ---p 00000000 00:00 0 
7faf18bcf000-7faf18bda000 rw-p 00000000 00:00 0 
7faf18bda000-7faf18f90000 ---p 00000000 00:00 0 
7faf18f90000-7faf18f98000 r-xp 00000000 fd:01 659470                     /usr/lib/jvm/java-8-openjdk-amd64/jre/lib/amd64/libzip.so
7faf18f98000-7faf19197000 ---p 00008000 fd:01 659470                     /usr/lib/jvm/java-8-openjdk-amd64/jre/lib/amd64/libzip.so
7faf19197000-7faf19198000 r--p 00007000 fd:01 659470                     /usr/lib/jvm/java-8-openjdk-amd64/jre/lib/amd64/libzip.so
7faf19198000-7faf19199000 rw-p 00008000 fd:01 659470                     /usr/lib/jvm/java-8-openjdk-amd64/jre/lib/amd64/libzip.so
7faf19199000-7faf191a4000 r-xp 00000000 fd:01 5134                       /lib/x86_64-linux-gnu/libnss_files-2.23.so
7faf191a4000-7faf193a3000 ---p 0000b000 fd:01 5134                       /lib/x86_64-linux-gnu/libnss_files-2.23.so
7faf193a3000-7faf193a4000 r--p 0000a000 fd:01 5134                       /lib/x86_64-linux-gnu/libnss_files-2.23.so
7faf193a4000-7faf193a5000 rw-p 0000b000 fd:01 5134                       /lib/x86_64-linux-gnu/libnss_files-2.23.so
7faf193a5000-7faf193ab000 rw-p 00000000 00:00 0 
7faf193ab000-7faf193b6000 r-xp 00000000 fd:01 5127                       /lib/x86_64-linux-gnu/libnss_nis-2.23.so
7faf193b6000-7faf195b5000 ---p 0000b000 fd:01 5127                       /lib/x86_64-linux-gnu/libnss_nis-2.23.so
7faf195b5000-7faf195b6000 r--p 0000a000 fd:01 5127                       /lib/x86_64-linux-gnu/libnss_nis-2.23.so
7faf195b6000-7faf195b7000 rw-p 0000b000 fd:01 5127                       /lib/x86_64-linux-gnu/libnss_nis-2.23.so
7faf195b7000-7faf195cd000 r-xp 00000000 fd:01 5132                       /lib/x86_64-linux-gnu/libnsl-2.23.so
7faf195cd000-7faf197cc000 ---p 00016000 fd:01 5132                       /lib/x86_64-linux-gnu/libnsl-2.23.so
7faf197cc000-7faf197cd000 r--p 00015000 fd:01 5132                       /lib/x86_64-linux-gnu/libnsl-2.23.so
7faf197cd000-7faf197ce000 rw-p 00016000 fd:01 5132                       /lib/x86_64-linux-gnu/libnsl-2.23.so
7faf197ce000-7faf197d0000 rw-p 00000000 00:00 0 
7faf197d0000-7faf197d8000 r-xp 00000000 fd:01 5138                       /lib/x86_64-linux-gnu/libnss_compat-2.23.so
7faf197d8000-7faf199d7000 ---p 00008000 fd:01 5138                       /lib/x86_64-linux-gnu/libnss_compat-2.23.so
7faf199d7000-7faf199d8000 r--p 00007000 fd:01 5138                       /lib/x86_64-linux-gnu/libnss_compat-2.23.so
7faf199d8000-7faf199d9000 rw-p 00008000 fd:01 5138                       /lib/x86_64-linux-gnu/libnss_compat-2.23.so
7faf199d9000-7faf19a02000 r-xp 00000000 fd:01 659454                     /usr/lib/jvm/java-8-openjdk-amd64/jre/lib/amd64/libjava.so
7faf19a02000-7faf19c01000 ---p 00029000 fd:01 659454                     /usr/lib/jvm/java-8-openjdk-amd64/jre/lib/amd64/libjava.so
7faf19c01000-7faf19c02000 r--p 00028000 fd:01 659454                     /usr/lib/jvm/java-8-openjdk-amd64/jre/lib/amd64/libjava.so
7faf19c02000-7faf19c04000 rw-p 00029000 fd:01 659454                     /usr/lib/jvm/java-8-openjdk-amd64/jre/lib/amd64/libjava.so
7faf19c04000-7faf19c13000 r-xp 00000000 fd:01 659472                     /usr/lib/jvm/java-8-openjdk-amd64/jre/lib/amd64/libverify.so
7faf19c13000-7faf19e12000 ---p 0000f000 fd:01 659472                     /usr/lib/jvm/java-8-openjdk-amd64/jre/lib/amd64/libverify.so
7faf19e12000-7faf19e14000 r--p 0000e000 fd:01 659472                     /usr/lib/jvm/java-8-openjdk-amd64/jre/lib/amd64/libverify.so
7faf19e14000-7faf19e15000 rw-p 00010000 fd:01 659472                     /usr/lib/jvm/java-8-openjdk-amd64/jre/lib/amd64/libverify.so
7faf19e15000-7faf19e1c000 r-xp 00000000 fd:01 5120                       /lib/x86_64-linux-gnu/librt-2.23.so
7faf19e1c000-7faf1a01b000 ---p 00007000 fd:01 5120                       /lib/x86_64-linux-gnu/librt-2.23.so
7faf1a01b000-7faf1a01c000 r--p 00006000 fd:01 5120                       /lib/x86_64-linux-gnu/librt-2.23.so
7faf1a01c000-7faf1a01d000 rw-p 00007000 fd:01 5120                       /lib/x86_64-linux-gnu/librt-2.23.so
7faf1a01d000-7faf1a033000 r-xp 00000000 fd:01 3821                       /lib/x86_64-linux-gnu/libgcc_s.so.1
7faf1a033000-7faf1a232000 ---p 00016000 fd:01 3821                       /lib/x86_64-linux-gnu/libgcc_s.so.1
7faf1a232000-7faf1a233000 rw-p 00015000 fd:01 3821                       /lib/x86_64-linux-gnu/libgcc_s.so.1
7faf1a233000-7faf1a33b000 r-xp 00000000 fd:01 5140                       /lib/x86_64-linux-gnu/libm-2.23.so
7faf1a33b000-7faf1a53a000 ---p 00108000 fd:01 5140                       /lib/x86_64-linux-gnu/libm-2.23.so
7faf1a53a000-7faf1a53b000 r--p 00107000 fd:01 5140                       /lib/x86_64-linux-gnu/libm-2.23.so
7faf1a53b000-7faf1a53c000 rw-p 00108000 fd:01 5140                       /lib/x86_64-linux-gnu/libm-2.23.so
7faf1a53c000-7faf1a6ae000 r-xp 00000000 fd:01 2347                       /usr/lib/x86_64-linux-gnu/libstdc++.so.6.0.21
7faf1a6ae000-7faf1a8ae000 ---p 00172000 fd:01 2347                       /usr/lib/x86_64-linux-gnu/libstdc++.so.6.0.21
7faf1a8ae000-7faf1a8b8000 r--p 00172000 fd:01 2347                       /usr/lib/x86_64-linux-gnu/libstdc++.so.6.0.21
7faf1a8b8000-7faf1a8ba000 rw-p 0017c000 fd:01 2347                       /usr/lib/x86_64-linux-gnu/libstdc++.so.6.0.21
7faf1a8ba000-7faf1a8be000 rw-p 00000000 00:00 0 
7faf1a8be000-7faf1b522000 r-xp 00000000 fd:01 659483                     /usr/lib/jvm/java-8-openjdk-amd64/jre/lib/amd64/server/libjvm.so
7faf1b522000-7faf1b721000 ---p 00c64000 fd:01 659483                     /usr/lib/jvm/java-8-openjdk-amd64/jre/lib/amd64/server/libjvm.so
7faf1b721000-7faf1b7b5000 r--p 00c63000 fd:01 659483                     /usr/lib/jvm/java-8-openjdk-amd64/jre/lib/amd64/server/libjvm.so
7faf1b7b5000-7faf1b7de000 rw-p 00cf7000 fd:01 659483                     /usr/lib/jvm/java-8-openjdk-amd64/jre/lib/amd64/server/libjvm.so
7faf1b7de000-7faf1b80e000 rw-p 00000000 00:00 0 
7faf1b80e000-7faf1b826000 r-xp 00000000 fd:01 5124                       /lib/x86_64-linux-gnu/libpthread-2.23.so
7faf1b826000-7faf1ba25000 ---p 00018000 fd:01 5124                       /lib/x86_64-linux-gnu/libpthread-2.23.so
7faf1ba25000-7faf1ba26000 r--p 00017000 fd:01 5124                       /lib/x86_64-linux-gnu/libpthread-2.23.so
7faf1ba26000-7faf1ba27000 rw-p 00018000 fd:01 5124                       /lib/x86_64-linux-gnu/libpthread-2.23.so
7faf1ba27000-7faf1ba2b000 rw-p 00000000 00:00 0 
7faf1ba2b000-7faf1ba2e000 r-xp 00000000 fd:01 5122                       /lib/x86_64-linux-gnu/libdl-2.23.so
7faf1ba2e000-7faf1bc2d000 ---p 00003000 fd:01 5122                       /lib/x86_64-linux-gnu/libdl-2.23.so
7faf1bc2d000-7faf1bc2e000 r--p 00002000 fd:01 5122                       /lib/x86_64-linux-gnu/libdl-2.23.so
7faf1bc2e000-7faf1bc2f000 rw-p 00003000 fd:01 5122                       /lib/x86_64-linux-gnu/libdl-2.23.so
7faf1bc2f000-7faf1bc48000 r-xp 00000000 fd:01 22009                      /lib/x86_64-linux-gnu/libz.so.1.2.8
7faf1bc48000-7faf1be47000 ---p 00019000 fd:01 22009                      /lib/x86_64-linux-gnu/libz.so.1.2.8
7faf1be47000-7faf1be48000 r--p 00018000 fd:01 22009                      /lib/x86_64-linux-gnu/libz.so.1.2.8
7faf1be48000-7faf1be49000 rw-p 00019000 fd:01 22009                      /lib/x86_64-linux-gnu/libz.so.1.2.8
7faf1be49000-7faf1c009000 r-xp 00000000 fd:01 5137                       /lib/x86_64-linux-gnu/libc-2.23.so
7faf1c009000-7faf1c209000 ---p 001c0000 fd:01 5137                       /lib/x86_64-linux-gnu/libc-2.23.so
7faf1c209000-7faf1c20d000 r--p 001c0000 fd:01 5137                       /lib/x86_64-linux-gnu/libc-2.23.so
7faf1c20d000-7faf1c20f000 rw-p 001c4000 fd:01 5137                       /lib/x86_64-linux-gnu/libc-2.23.so
7faf1c20f000-7faf1c213000 rw-p 00000000 00:00 0 
7faf1c213000-7faf1c220000 r-xp 00000000 fd:01 659464                     /usr/lib/jvm/java-8-openjdk-amd64/jre/lib/amd64/jli/libjli.so
7faf1c220000-7faf1c41f000 ---p 0000d000 fd:01 659464                     /usr/lib/jvm/java-8-openjdk-amd64/jre/lib/amd64/jli/libjli.so
7faf1c41f000-7faf1c420000 r--p 0000c000 fd:01 659464                     /usr/lib/jvm/java-8-openjdk-amd64/jre/lib/amd64/jli/libjli.so
7faf1c420000-7faf1c421000 rw-p 0000d000 fd:01 659464                     /usr/lib/jvm/java-8-openjdk-amd64/jre/lib/amd64/jli/libjli.so
7faf1c421000-7faf1c447000 r-xp 00000000 fd:01 5123                       /lib/x86_64-linux-gnu/ld-2.23.so
7faf1c447000-7faf1c44a000 r--s 0000f000 fd:01 659428                     /usr/lib/jvm/java-8-openjdk-amd64/jre/lib/ext/icedtea-sound.jar
7faf1c44a000-7faf1c52f000 rw-p 00000000 00:00 0 
7faf1c52f000-7faf1c537000 rw-s 00000000 fd:01 793793                     /tmp/hsperfdata_ubuntu/13422
7faf1c537000-7faf1c53a000 ---p 00000000 00:00 0 
7faf1c53a000-7faf1c63c000 rw-p 00000000 00:00 0 
7faf1c63c000-7faf1c63d000 r--s 0000a000 fd:01 659430                     /usr/lib/jvm/java-8-openjdk-amd64/jre/lib/ext/jaccess.jar
7faf1c63d000-7faf1c63e000 r--s 00010000 fd:01 659435                     /usr/lib/jvm/java-8-openjdk-amd64/jre/lib/ext/zipfs.jar
7faf1c63e000-7faf1c643000 r--s 0003c000 fd:01 659434                     /usr/lib/jvm/java-8-openjdk-amd64/jre/lib/ext/sunjce_provider.jar
7faf1c643000-7faf1c644000 rw-p 00000000 00:00 0 
7faf1c644000-7faf1c645000 r--p 00000000 00:00 0 
7faf1c645000-7faf1c646000 rw-p 00000000 00:00 0 
7faf1c646000-7faf1c647000 r--p 00025000 fd:01 5123                       /lib/x86_64-linux-gnu/ld-2.23.so
7faf1c647000-7faf1c648000 rw-p 00026000 fd:01 5123                       /lib/x86_64-linux-gnu/ld-2.23.so
7faf1c648000-7faf1c649000 rw-p 00000000 00:00 0 
7ffd58015000-7ffd58036000 rw-p 00000000 00:00 0                          [stack]
7ffd581cc000-7ffd581ce000 r--p 00000000 00:00 0                          [vvar]
7ffd581ce000-7ffd581d0000 r-xp 00000000 00:00 0                          [vdso]
ffffffffff600000-ffffffffff601000 r-xp 00000000 00:00 0                  [vsyscall]

VM Arguments:
jvm_args: -Djava.library.path=. 
java_command: Hello
java_class_path (initial): .
Launcher Type: SUN_STANDARD

Environment Variables:
PATH=/usr/local/sbin:/usr/local/bin:/usr/sbin:/usr/bin:/sbin:/bin:/usr/games:/usr/local/games:/snap/bin
SHELL=/bin/bash

Signal Handlers:
SIGSEGV: [libjvm.so+0xa783e0], sa_mask[0]=11111111011111111101111111111110, sa_flags=SA_RESTART|SA_SIGINFO
SIGBUS: [libjvm.so+0xa783e0], sa_mask[0]=11111111011111111101111111111110, sa_flags=SA_RESTART|SA_SIGINFO
SIGFPE: [libjvm.so+0x8c0e10], sa_mask[0]=11111111011111111101111111111110, sa_flags=SA_RESTART|SA_SIGINFO
SIGPIPE: [libjvm.so+0x8c0e10], sa_mask[0]=11111111011111111101111111111110, sa_flags=SA_RESTART|SA_SIGINFO
SIGXFSZ: [libjvm.so+0x8c0e10], sa_mask[0]=11111111011111111101111111111110, sa_flags=SA_RESTART|SA_SIGINFO
SIGILL: [libjvm.so+0x8c0e10], sa_mask[0]=11111111011111111101111111111110, sa_flags=SA_RESTART|SA_SIGINFO
SIGUSR1: SIG_DFL, sa_mask[0]=00000000000000000000000000000000, sa_flags=none
SIGUSR2: [libjvm.so+0x8c0cc0], sa_mask[0]=00000000000000000000000000000000, sa_flags=SA_RESTART|SA_SIGINFO
SIGHUP: [libjvm.so+0x8c1350], sa_mask[0]=11111111011111111101111111111110, sa_flags=SA_RESTART|SA_SIGINFO
SIGINT: [libjvm.so+0x8c1350], sa_mask[0]=11111111011111111101111111111110, sa_flags=SA_RESTART|SA_SIGINFO
SIGTERM: [libjvm.so+0x8c1350], sa_mask[0]=11111111011111111101111111111110, sa_flags=SA_RESTART|SA_SIGINFO
SIGQUIT: [libjvm.so+0x8c1350], sa_mask[0]=11111111011111111101111111111110, sa_flags=SA_RESTART|SA_SIGINFO


---------------  S Y S T E M  ---------------

OS:DISTRIB_ID=Ubuntu
DISTRIB_RELEASE=16.04
DISTRIB_CODENAME=xenial
DISTRIB_DESCRIPTION="Ubuntu 16.04.6 LTS"

uname:Linux 4.4.0-98-generic #121-Ubuntu SMP Tue Oct 10 14:24:03 UTC 2017 x86_64
libc:glibc 2.23 NPTL 2.23 
rlimit: STACK 8192k, CORE 0k, NPROC 15649, NOFILE 1048576, AS infinity
load average:0.00 0.00 0.00

/proc/meminfo:
MemTotal:        4046500 kB
MemFree:         1446140 kB
MemAvailable:    3663344 kB
Buffers:          150488 kB
Cached:          2141104 kB
SwapCached:            0 kB
Active:          1159300 kB
Inactive:        1162736 kB
Active(anon):      33280 kB
Inactive(anon):     5240 kB
Active(file):    1126020 kB
Inactive(file):  1157496 kB
Unevictable:        3652 kB
Mlocked:            3652 kB
SwapTotal:             0 kB
SwapFree:              0 kB
Dirty:                68 kB
Writeback:             0 kB
AnonPages:         34116 kB
Mapped:            42540 kB
Shmem:              5656 kB
Slab:             243440 kB
SReclaimable:     221276 kB
SUnreclaim:        22164 kB
KernelStack:        2080 kB
PageTables:         2900 kB
NFS_Unstable:          0 kB
Bounce:                0 kB
WritebackTmp:          0 kB
CommitLimit:     2023248 kB
Committed_AS:     366128 kB
VmallocTotal:   34359738367 kB
VmallocUsed:           0 kB
VmallocChunk:          0 kB
HardwareCorrupted:     0 kB
AnonHugePages:      4096 kB
CmaTotal:              0 kB
CmaFree:               0 kB
HugePages_Total:       0
HugePages_Free:        0
HugePages_Rsvd:        0
HugePages_Surp:        0
Hugepagesize:       2048 kB
DirectMap4k:       71668 kB
DirectMap2M:     4122624 kB

container (cgroup) information:
container_type: cgroupv1
cpu_cpuset_cpus: 0-1
cpu_memory_nodes: 0
active_processor_count: 2
cpu_quota: -1
cpu_period: 100000
cpu_shares: -1
memory_limit_in_bytes: -1
memory_and_swap_limit_in_bytes: -2
memory_soft_limit_in_bytes: -1
memory_usage_in_bytes: 2000199680
memory_max_usage_in_bytes: 2154721280


CPU:total 2 (initial active 2) (2 cores per cpu, 1 threads per core) family 6 model 13 stepping 3, cmov, cx8, fxsr, mmx, sse, sse2, sse3, tsc

/proc/cpuinfo:
processor	: 0
vendor_id	: GenuineIntel
cpu family	: 6
model		: 13
model name	: QEMU Virtual CPU version (cpu64-rhel6)
stepping	: 3
microcode	: 0x1
cpu MHz		: 2899.998
cache size	: 4096 KB
physical id	: 0
siblings	: 2
core id		: 0
cpu cores	: 2
apicid		: 0
initial apicid	: 0
fpu		: yes
fpu_exception	: yes
cpuid level	: 4
wp		: yes
flags		: fpu de pse tsc msr pae mce cx8 apic mtrr pge mca cmov pse36 clflush mmx fxsr sse sse2 ht syscall nx lm nopl pni cx16 hypervisor lahf_lm
bugs		:
bogomips	: 5799.99
clflush size	: 64
cache_alignment	: 64
address sizes	: 46 bits physical, 48 bits virtual
power management:

processor	: 1
vendor_id	: GenuineIntel
cpu family	: 6
model		: 13
model name	: QEMU Virtual CPU version (cpu64-rhel6)
stepping	: 3
microcode	: 0x1
cpu MHz		: 2899.998
cache size	: 4096 KB
physical id	: 0
siblings	: 2
core id		: 1
cpu cores	: 2
apicid		: 1
initial apicid	: 1
fpu		: yes
fpu_exception	: yes
cpuid level	: 4
wp		: yes
flags		: fpu de pse tsc msr pae mce cx8 apic mtrr pge mca cmov pse36 clflush mmx fxsr sse sse2 ht syscall nx lm nopl pni cx16 hypervisor lahf_lm
bugs		:
bogomips	: 5799.99
clflush size	: 64
cache_alignment	: 64
address sizes	: 46 bits physical, 48 bits virtual
power management:



Memory: 4k page, physical 4046500k(1446016k free), swap 0k(0k free)

vm_info: OpenJDK 64-Bit Server VM (25.222-b10) for linux-amd64 JRE (1.8.0_222-8u222-b10-1ubuntu1~16.04.1-b10), built on Jul 18 2019 20:25:18 by "buildd" with gcc 5.4.0 20160609

time: Thu Aug  8 00:15:40 2019
timezone: UTC
elapsed time: 0 seconds (0d 0h 0m 0s)

