#
# A fatal error has been detected by the Java Runtime Environment:
#
#  SIGSEGV (0xb) at pc=0x00007fb212f089d7, pid=13340, tid=0x00007fb2145fd700
#
# JRE version: OpenJDK Runtime Environment (8.0_222-b10) (build 1.8.0_222-8u222-b10-1ubuntu1~16.04.1-b10)
# Java VM: OpenJDK 64-Bit Server VM (25.222-b10 mixed mode linux-amd64 compressed oops)
# Problematic frame:
# V  [libjvm.so+0x6849d7]
#
# Failed to write core dump. Core dumps have been disabled. To enable core dumping, try "ulimit -c unlimited" before starting Java again
#
# If you would like to submit a bug report, please visit:
#   http://bugreport.java.com/bugreport/crash.jsp
#

---------------  T H R E A D  ---------------

Current thread (0x00007fb20c00a800):  JavaThread "main" [_thread_in_vm, id=13341, stack(0x00007fb2144fd000,0x00007fb2145fe000)]

siginfo: si_signo: 11 (SIGSEGV), si_code: 1 (SEGV_MAPERR), si_addr: 0x0000000000000000

Registers:
RAX=0x00007fb21335c708, RBX=0x00007fb20c00a800, RCX=0x00007fb2145fc7c0, RDX=0x00007fb20c00b138
RSP=0x00007fb2145fc6c0, RBP=0x00007fb2145fc780, RSI=0x00007fb20c0754b8, RDI=0x00007fb20c00a800
R8 =0x00007fb2141d5780, R9 =0x00007fb2145fd700, R10=0x0000000000000001, R11=0x0000000000000000
R12=0x00007fb20c00a9e0, R13=0x0000000000000000, R14=0x00007fb2145fc9a0, R15=0x00007fb2145fc7c0
RIP=0x00007fb212f089d7, EFLAGS=0x0000000000010202, CSGSFS=0x0000000000000033, ERR=0x0000000000000004
  TRAPNO=0x000000000000000e

Top of Stack: (sp=0x00007fb2145fc6c0)
0x00007fb2145fc6c0:   000000000000000e 00007fb20c0754b8
0x00007fb2145fc6d0:   000000000000000c 00007fb2144675b0
0x00007fb2145fc6e0:   00007fb20c00a800 00007fb20c00b130
0x00007fb2145fc6f0:   00007fb10000064f 00007fb21335c708
0x00007fb2145fc700:   00007fb2145fc760 00007fb2145fc6b0
0x00007fb2145fc710:   00007fb2145fc6f8 0000000800000002
0x00007fb2145fc720:   00000000fa920301 a12ec223af3f8400
0x00007fb2145fc730:   00007fb2145fc760 00007fb2144675b0
0x00007fb2145fc740:   00007fb2145fc7a0 a12ec223af3f8400
0x00007fb2145fc750:   0000000000000000 00007fb1fad20598
0x00007fb2145fc760:   0000000000000000 00007fb1fad20590
0x00007fb2145fc770:   00007fb2145fc9a0 00007fb20c00a800
0x00007fb2145fc780:   00007fb2145fc890 00007fb1f95f333b
0x00007fb2145fc790:   00007fb1fa9205a8 0000000000000000
0x00007fb2145fc7a0:   00007fb20c0754b8 00007fb20c00a9e0
0x00007fb2145fc7b0:   00007fb2141d4620 0000000000000005
0x00007fb2145fc7c0:   0000003000000018 00007fb2145fc8a0
0x00007fb2145fc7d0:   00007fb2145fc7e0 a12ec223af3f8400
0x00007fb2145fc7e0:   00007fb212880f48 00007fb2141d4620
0x00007fb2145fc7f0:   000000000000000a 00007fb20c0754b8
0x00007fb2145fc800:   00007fb2141d5780 00007fb2145fd700
0x00007fb2145fc810:   00007fb2141d4620 00007fb212880f40
0x00007fb2145fc820:   000000000000000a 00007fb213e85533
0x00007fb2145fc830:   00007fb2145fc840 00007fb2126108fd
0x00007fb2145fc840:   0000000000000001 00007fb212880f40
0x00007fb2145fc850:   00007fb212880f40 a12ec223af3f8400
0x00007fb2145fc860:   00007fb2128821c0 00007fb212880f40
0x00007fb2145fc870:   00007fb2141d4620 00007fb213e7c81f
0x00007fb2145fc880:   00007fb212880f40 00007fb21260fe3e
0x00007fb2145fc890:   00007fb2145fc910 00007fb1f95f3065
0x00007fb2145fc8a0:   00007fb20c00a800 00007fb2145fc998
0x00007fb2145fc8b0:   00007fb2145fc9a0 00007fb20c00a9e0 

Instructions: (pc=0x00007fb212f089d7)
0x00007fb212f089b7:   89 9d 60 ff ff ff 48 c7 85 68 ff ff ff 00 00 00
0x00007fb212f089c7:   00 74 0c 48 8d bd 60 ff ff ff e8 7a 88 29 00 90
0x00007fb212f089d7:   49 8b 45 00 c7 85 50 ff ff ff 0c 00 00 00 4c 8d
0x00007fb212f089e7:   75 80 4c 89 f7 48 8b 40 08 0f b7 50 24 48 8b 40 

Register to memory mapping:

RAX=0x00007fb21335c708: <offset 0xad8708> in /usr/lib/jvm/java-8-openjdk-amd64/jre/lib/amd64/server/libjvm.so at 0x00007fb212884000
RBX=0x00007fb20c00a800 is a thread
RCX=0x00007fb2145fc7c0 is pointing into the stack for thread: 0x00007fb20c00a800
RDX=0x00007fb20c00b138 is an unknown value
RSP=0x00007fb2145fc6c0 is pointing into the stack for thread: 0x00007fb20c00a800
RBP=0x00007fb2145fc780 is pointing into the stack for thread: 0x00007fb20c00a800
RSI=0x00007fb20c0754b8 is an unknown value
RDI=0x00007fb20c00a800 is a thread
R8 =0x00007fb2141d5780: <offset 0x3c6780> in /lib/x86_64-linux-gnu/libc.so.6 at 0x00007fb213e0f000
R9 =0x00007fb2145fd700 is pointing into the stack for thread: 0x00007fb20c00a800
R10=0x0000000000000001 is an unknown value
R11=0x0000000000000000 is an unknown value
R12=0x00007fb20c00a9e0 is an unknown value
R13=0x0000000000000000 is an unknown value
R14=0x00007fb2145fc9a0 is pointing into the stack for thread: 0x00007fb20c00a800
R15=0x00007fb2145fc7c0 is pointing into the stack for thread: 0x00007fb20c00a800


Stack: [0x00007fb2144fd000,0x00007fb2145fe000],  sp=0x00007fb2145fc6c0,  free space=1021k
Native frames: (J=compiled Java code, j=interpreted, Vv=VM code, C=native code)
V  [libjvm.so+0x6849d7]
C  [libHello.so+0x133b]  JNIEnv_::CallObjectMethod(_jobject*, _jmethodID*, ...)+0xc7
C  [libHello.so+0x1065]  Java_Hello_jniLoadObject+0xed
j  Hello.jniLoadObject(Ljava/lang/Object;)V+0
j  Hello.main([Ljava/lang/String;)V+40
v  ~StubRoutines::call_stub
V  [libjvm.so+0x6685d0]
V  [libjvm.so+0x68b07e]
V  [libjvm.so+0x68d9af]
C  [libjli.so+0x34e2]
C  [libjli.so+0x737d]
C  [libpthread.so.0+0x76ba]  start_thread+0xca

Java frames: (J=compiled Java code, j=interpreted, Vv=VM code)
j  Hello.jniLoadObject(Ljava/lang/Object;)V+0
j  Hello.main([Ljava/lang/String;)V+40
v  ~StubRoutines::call_stub

---------------  P R O C E S S  ---------------

Java Threads: ( => current thread )
  0x00007fb20c0b9800 JavaThread "Service Thread" daemon [_thread_blocked, id=13350, stack(0x00007fb1f9938000,0x00007fb1f9a39000)]
  0x00007fb20c0b6800 JavaThread "C1 CompilerThread1" daemon [_thread_blocked, id=13349, stack(0x00007fb1f9a39000,0x00007fb1f9b3a000)]
  0x00007fb20c0b4000 JavaThread "C2 CompilerThread0" daemon [_thread_blocked, id=13348, stack(0x00007fb1f9b3a000,0x00007fb1f9c3b000)]
  0x00007fb20c0b2800 JavaThread "Signal Dispatcher" daemon [_thread_blocked, id=13347, stack(0x00007fb1f9c3b000,0x00007fb1f9d3c000)]
  0x00007fb20c080000 JavaThread "Finalizer" daemon [_thread_blocked, id=13346, stack(0x00007fb1f9ed4000,0x00007fb1f9fd5000)]
  0x00007fb20c07d800 JavaThread "Reference Handler" daemon [_thread_blocked, id=13345, stack(0x00007fb1f9fd5000,0x00007fb1fa0d6000)]
=>0x00007fb20c00a800 JavaThread "main" [_thread_in_vm, id=13341, stack(0x00007fb2144fd000,0x00007fb2145fe000)]

Other Threads:
  0x00007fb20c074000 VMThread [stack: 0x00007fb1fa0d6000,0x00007fb1fa1d7000] [id=13344]
  0x00007fb20c0bc000 WatcherThread [stack: 0x00007fb1f9837000,0x00007fb1f9938000] [id=13351]

VM state:not at safepoint (normal execution)

VM Mutex/Monitor currently owned by a thread: None

heap address: 0x00000000c2400000, size: 988 MB, Compressed Oops mode: 32-bit
Narrow klass base: 0x0000000000000000, Narrow klass shift: 3
Compressed class space size: 1073741824 Address: 0x0000000100000000

Heap:
 PSYoungGen      total 18432K, used 635K [0x00000000eb700000, 0x00000000ecb80000, 0x0000000100000000)
  eden space 15872K, 4% used [0x00000000eb700000,0x00000000eb79ec60,0x00000000ec680000)
  from space 2560K, 0% used [0x00000000ec900000,0x00000000ec900000,0x00000000ecb80000)
  to   space 2560K, 0% used [0x00000000ec680000,0x00000000ec680000,0x00000000ec900000)
 ParOldGen       total 42496K, used 0K [0x00000000c2400000, 0x00000000c4d80000, 0x00000000eb700000)
  object space 42496K, 0% used [0x00000000c2400000,0x00000000c2400000,0x00000000c4d80000)
 Metaspace       used 2564K, capacity 4486K, committed 4864K, reserved 1056768K
  class space    used 270K, capacity 386K, committed 512K, reserved 1048576K

Card table byte_map: [0x00007fb2109a7000,0x00007fb210b96000] byte_map_base: 0x00007fb210395000

Marking Bits: (ParMarkBitMap*) 0x00007fb2137b7540
 Begin Bits: [0x00007fb1fb120000, 0x00007fb1fc090000)
 End Bits:   [0x00007fb1fc090000, 0x00007fb1fd000000)

Polling page: 0x00007fb21460a000

CodeCache: size=245760Kb used=1085Kb max_used=1085Kb free=244674Kb
 bounds [0x00007fb1fd000000, 0x00007fb1fd270000, 0x00007fb20c000000]
 total_blobs=245 nmethods=15 adapters=147
 compilation: enabled

Compilation events (10 events):
Event: 0.139 Thread 0x00007fb20c0b6800   11       1       java.lang.ref.Reference::get (5 bytes)
Event: 0.140 Thread 0x00007fb20c0b6800 nmethod 11 0x00007fb1fd10c950 code [0x00007fb1fd10caa0, 0x00007fb1fd10cbb0]
Event: 0.141 Thread 0x00007fb20c0b6800   12       1       java.lang.ThreadLocal::access$400 (5 bytes)
Event: 0.141 Thread 0x00007fb20c0b6800 nmethod 12 0x00007fb1fd10cc10 code [0x00007fb1fd10cd60, 0x00007fb1fd10ce50]
Event: 0.147 Thread 0x00007fb20c0b6800   13       3       java.lang.AbstractStringBuilder::append (50 bytes)
Event: 0.148 Thread 0x00007fb20c0b6800 nmethod 13 0x00007fb1fd10ced0 code [0x00007fb1fd10d0a0, 0x00007fb1fd10d7d8]
Event: 0.148 Thread 0x00007fb20c0b6800   14       3       java.lang.String::getChars (62 bytes)
Event: 0.149 Thread 0x00007fb20c0b6800 nmethod 14 0x00007fb1fd10dad0 code [0x00007fb1fd10dc80, 0x00007fb1fd10e0b8]
Event: 0.154 Thread 0x00007fb20c0b6800   15       3       sun.nio.cs.UTF_8$Encoder::encode (359 bytes)
Event: 0.157 Thread 0x00007fb20c0b6800 nmethod 15 0x00007fb1fd10e2d0 code [0x00007fb1fd10e4c0, 0x00007fb1fd10efd8]

GC Heap History (0 events):
No events

Deoptimization events (0 events):
No events

Classes redefined (0 events):
No events

Internal exceptions (3 events):
Event: 0.046 Thread 0x00007fb20c00a800 Exception <a 'java/lang/NoSuchMethodError': Method sun.misc.Unsafe.defineClass(Ljava/lang/String;[BII)Ljava/lang/Class; name or signature does not match> (0x00000000eb707cb8) thrown at [/build/openjdk-8-g3XteX/openjdk-8-8u222-b10/src/hotspot/src/share/vm/
Event: 0.046 Thread 0x00007fb20c00a800 Exception <a 'java/lang/NoSuchMethodError': Method sun.misc.Unsafe.prefetchRead(Ljava/lang/Object;J)V name or signature does not match> (0x00000000eb707fa0) thrown at [/build/openjdk-8-g3XteX/openjdk-8-8u222-b10/src/hotspot/src/share/vm/prims/jni.cpp, lin
Event: 0.157 Thread 0x00007fb20c00a800 Exception <a 'java/lang/NoSuchMethodError': getDeclaredField> (0x00000000eb75f8d8) thrown at [/build/openjdk-8-g3XteX/openjdk-8-8u222-b10/src/hotspot/src/share/vm/prims/jni.cpp, line 1615]

Events (10 events):
Event: 0.152 loading class java/nio/charset/CoderResult
Event: 0.152 loading class java/nio/charset/CoderResult done
Event: 0.152 loading class java/nio/charset/CoderResult$1
Event: 0.153 loading class java/nio/charset/CoderResult$Cache
Event: 0.153 loading class java/nio/charset/CoderResult$Cache done
Event: 0.153 loading class java/nio/charset/CoderResult$1 done
Event: 0.153 loading class java/nio/charset/CoderResult$2
Event: 0.153 loading class java/nio/charset/CoderResult$2 done
Event: 0.154 loading class Test
Event: 0.154 loading class Test done


Dynamic libraries:
00400000-00401000 r-xp 00000000 fd:01 659370                             /usr/lib/jvm/java-8-openjdk-amd64/jre/bin/java
00600000-00601000 r--p 00000000 fd:01 659370                             /usr/lib/jvm/java-8-openjdk-amd64/jre/bin/java
00601000-00602000 rw-p 00001000 fd:01 659370                             /usr/lib/jvm/java-8-openjdk-amd64/jre/bin/java
00641000-00662000 rw-p 00000000 00:00 0                                  [heap]
c2400000-c4d80000 rw-p 00000000 00:00 0 
c4d80000-eb700000 ---p 00000000 00:00 0 
eb700000-ecb80000 rw-p 00000000 00:00 0 
ecb80000-100000000 ---p 00000000 00:00 0 
100000000-100080000 rw-p 00000000 00:00 0 
100080000-140000000 ---p 00000000 00:00 0 
7fb1cc000000-7fb1cc021000 rw-p 00000000 00:00 0 
7fb1cc021000-7fb1d0000000 ---p 00000000 00:00 0 
7fb1d4000000-7fb1d4024000 rw-p 00000000 00:00 0 
7fb1d4024000-7fb1d8000000 ---p 00000000 00:00 0 
7fb1d8000000-7fb1d8021000 rw-p 00000000 00:00 0 
7fb1d8021000-7fb1dc000000 ---p 00000000 00:00 0 
7fb1dc000000-7fb1dc021000 rw-p 00000000 00:00 0 
7fb1dc021000-7fb1e0000000 ---p 00000000 00:00 0 
7fb1e0000000-7fb1e004e000 rw-p 00000000 00:00 0 
7fb1e004e000-7fb1e4000000 ---p 00000000 00:00 0 
7fb1e4000000-7fb1e4021000 rw-p 00000000 00:00 0 
7fb1e4021000-7fb1e8000000 ---p 00000000 00:00 0 
7fb1e8000000-7fb1e8021000 rw-p 00000000 00:00 0 
7fb1e8021000-7fb1ec000000 ---p 00000000 00:00 0 
7fb1ec000000-7fb1ec021000 rw-p 00000000 00:00 0 
7fb1ec021000-7fb1f0000000 ---p 00000000 00:00 0 
7fb1f0000000-7fb1f0021000 rw-p 00000000 00:00 0 
7fb1f0021000-7fb1f4000000 ---p 00000000 00:00 0 
7fb1f4000000-7fb1f4021000 rw-p 00000000 00:00 0 
7fb1f4021000-7fb1f8000000 ---p 00000000 00:00 0 
7fb1f95f2000-7fb1f95f4000 r-xp 00000000 fd:01 659115                     /home/ubuntu/JNIExample/jni-example/libHello.so
7fb1f95f4000-7fb1f97f3000 ---p 00002000 fd:01 659115                     /home/ubuntu/JNIExample/jni-example/libHello.so
7fb1f97f3000-7fb1f97f4000 r--p 00001000 fd:01 659115                     /home/ubuntu/JNIExample/jni-example/libHello.so
7fb1f97f4000-7fb1f97f5000 rw-p 00002000 fd:01 659115                     /home/ubuntu/JNIExample/jni-example/libHello.so
7fb1f97f5000-7fb1f97f7000 r--s 00001000 fd:01 659433                     /usr/lib/jvm/java-8-openjdk-amd64/jre/lib/ext/dnsns.jar
7fb1f97f7000-7fb1f9812000 r--s 00394000 fd:01 659432                     /usr/lib/jvm/java-8-openjdk-amd64/jre/lib/ext/cldrdata.jar
7fb1f9812000-7fb1f981c000 r--s 00116000 fd:01 659436                     /usr/lib/jvm/java-8-openjdk-amd64/jre/lib/ext/localedata.jar
7fb1f981c000-7fb1f9837000 r--s 001d6000 fd:01 659429                     /usr/lib/jvm/java-8-openjdk-amd64/jre/lib/ext/nashorn.jar
7fb1f9837000-7fb1f9838000 ---p 00000000 00:00 0 
7fb1f9838000-7fb1f9938000 rw-p 00000000 00:00 0 
7fb1f9938000-7fb1f993b000 ---p 00000000 00:00 0 
7fb1f993b000-7fb1f9a39000 rw-p 00000000 00:00 0 
7fb1f9a39000-7fb1f9a3c000 ---p 00000000 00:00 0 
7fb1f9a3c000-7fb1f9b3a000 rw-p 00000000 00:00 0 
7fb1f9b3a000-7fb1f9b3d000 ---p 00000000 00:00 0 
7fb1f9b3d000-7fb1f9c3b000 rw-p 00000000 00:00 0 
7fb1f9c3b000-7fb1f9c3e000 ---p 00000000 00:00 0 
7fb1f9c3e000-7fb1f9d3c000 rw-p 00000000 00:00 0 
7fb1f9d3c000-7fb1f9ed4000 r--p 00000000 fd:01 11563                      /usr/lib/locale/locale-archive
7fb1f9ed4000-7fb1f9ed7000 ---p 00000000 00:00 0 
7fb1f9ed7000-7fb1f9fd5000 rw-p 00000000 00:00 0 
7fb1f9fd5000-7fb1f9fd8000 ---p 00000000 00:00 0 
7fb1f9fd8000-7fb1fa0d6000 rw-p 00000000 00:00 0 
7fb1fa0d6000-7fb1fa0d7000 ---p 00000000 00:00 0 
7fb1fa0d7000-7fb1fad60000 rw-p 00000000 00:00 0 
7fb1fad60000-7fb1fb120000 ---p 00000000 00:00 0 
7fb1fb120000-7fb1fd000000 rw-p 00000000 00:00 0 
7fb1fd000000-7fb1fd270000 rwxp 00000000 00:00 0 
7fb1fd270000-7fb20c000000 ---p 00000000 00:00 0 
7fb20c000000-7fb20c147000 rw-p 00000000 00:00 0 
7fb20c147000-7fb210000000 ---p 00000000 00:00 0 
7fb210000000-7fb210001000 r--s 0000d000 fd:01 659427                     /usr/lib/jvm/java-8-openjdk-amd64/jre/lib/ext/sunec.jar
7fb210001000-7fb210004000 r--s 00039000 fd:01 659431                     /usr/lib/jvm/java-8-openjdk-amd64/jre/lib/ext/sunpkcs11.jar
7fb210004000-7fb210227000 rw-p 00000000 00:00 0 
7fb210227000-7fb2103f7000 r--s 03c5c000 fd:01 659406                     /usr/lib/jvm/java-8-openjdk-amd64/jre/lib/rt.jar
7fb2103f7000-7fb21065b000 rw-p 00000000 00:00 0 
7fb21065b000-7fb21065c000 ---p 00000000 00:00 0 
7fb21065c000-7fb21075c000 rw-p 00000000 00:00 0 
7fb21075c000-7fb21075d000 ---p 00000000 00:00 0 
7fb21075d000-7fb210872000 rw-p 00000000 00:00 0 
7fb210872000-7fb2109a7000 ---p 00000000 00:00 0 
7fb2109a7000-7fb2109bc000 rw-p 00000000 00:00 0 
7fb2109bc000-7fb210af0000 ---p 00000000 00:00 0 
7fb210af0000-7fb210afb000 rw-p 00000000 00:00 0 
7fb210afb000-7fb210b95000 ---p 00000000 00:00 0 
7fb210b95000-7fb210ba0000 rw-p 00000000 00:00 0 
7fb210ba0000-7fb210f56000 ---p 00000000 00:00 0 
7fb210f56000-7fb210f5e000 r-xp 00000000 fd:01 659470                     /usr/lib/jvm/java-8-openjdk-amd64/jre/lib/amd64/libzip.so
7fb210f5e000-7fb21115d000 ---p 00008000 fd:01 659470                     /usr/lib/jvm/java-8-openjdk-amd64/jre/lib/amd64/libzip.so
7fb21115d000-7fb21115e000 r--p 00007000 fd:01 659470                     /usr/lib/jvm/java-8-openjdk-amd64/jre/lib/amd64/libzip.so
7fb21115e000-7fb21115f000 rw-p 00008000 fd:01 659470                     /usr/lib/jvm/java-8-openjdk-amd64/jre/lib/amd64/libzip.so
7fb21115f000-7fb21116a000 r-xp 00000000 fd:01 5134                       /lib/x86_64-linux-gnu/libnss_files-2.23.so
7fb21116a000-7fb211369000 ---p 0000b000 fd:01 5134                       /lib/x86_64-linux-gnu/libnss_files-2.23.so
7fb211369000-7fb21136a000 r--p 0000a000 fd:01 5134                       /lib/x86_64-linux-gnu/libnss_files-2.23.so
7fb21136a000-7fb21136b000 rw-p 0000b000 fd:01 5134                       /lib/x86_64-linux-gnu/libnss_files-2.23.so
7fb21136b000-7fb211371000 rw-p 00000000 00:00 0 
7fb211371000-7fb21137c000 r-xp 00000000 fd:01 5127                       /lib/x86_64-linux-gnu/libnss_nis-2.23.so
7fb21137c000-7fb21157b000 ---p 0000b000 fd:01 5127                       /lib/x86_64-linux-gnu/libnss_nis-2.23.so
7fb21157b000-7fb21157c000 r--p 0000a000 fd:01 5127                       /lib/x86_64-linux-gnu/libnss_nis-2.23.so
7fb21157c000-7fb21157d000 rw-p 0000b000 fd:01 5127                       /lib/x86_64-linux-gnu/libnss_nis-2.23.so
7fb21157d000-7fb211593000 r-xp 00000000 fd:01 5132                       /lib/x86_64-linux-gnu/libnsl-2.23.so
7fb211593000-7fb211792000 ---p 00016000 fd:01 5132                       /lib/x86_64-linux-gnu/libnsl-2.23.so
7fb211792000-7fb211793000 r--p 00015000 fd:01 5132                       /lib/x86_64-linux-gnu/libnsl-2.23.so
7fb211793000-7fb211794000 rw-p 00016000 fd:01 5132                       /lib/x86_64-linux-gnu/libnsl-2.23.so
7fb211794000-7fb211796000 rw-p 00000000 00:00 0 
7fb211796000-7fb21179e000 r-xp 00000000 fd:01 5138                       /lib/x86_64-linux-gnu/libnss_compat-2.23.so
7fb21179e000-7fb21199d000 ---p 00008000 fd:01 5138                       /lib/x86_64-linux-gnu/libnss_compat-2.23.so
7fb21199d000-7fb21199e000 r--p 00007000 fd:01 5138                       /lib/x86_64-linux-gnu/libnss_compat-2.23.so
7fb21199e000-7fb21199f000 rw-p 00008000 fd:01 5138                       /lib/x86_64-linux-gnu/libnss_compat-2.23.so
7fb21199f000-7fb2119c8000 r-xp 00000000 fd:01 659454                     /usr/lib/jvm/java-8-openjdk-amd64/jre/lib/amd64/libjava.so
7fb2119c8000-7fb211bc7000 ---p 00029000 fd:01 659454                     /usr/lib/jvm/java-8-openjdk-amd64/jre/lib/amd64/libjava.so
7fb211bc7000-7fb211bc8000 r--p 00028000 fd:01 659454                     /usr/lib/jvm/java-8-openjdk-amd64/jre/lib/amd64/libjava.so
7fb211bc8000-7fb211bca000 rw-p 00029000 fd:01 659454                     /usr/lib/jvm/java-8-openjdk-amd64/jre/lib/amd64/libjava.so
7fb211bca000-7fb211bd9000 r-xp 00000000 fd:01 659472                     /usr/lib/jvm/java-8-openjdk-amd64/jre/lib/amd64/libverify.so
7fb211bd9000-7fb211dd8000 ---p 0000f000 fd:01 659472                     /usr/lib/jvm/java-8-openjdk-amd64/jre/lib/amd64/libverify.so
7fb211dd8000-7fb211dda000 r--p 0000e000 fd:01 659472                     /usr/lib/jvm/java-8-openjdk-amd64/jre/lib/amd64/libverify.so
7fb211dda000-7fb211ddb000 rw-p 00010000 fd:01 659472                     /usr/lib/jvm/java-8-openjdk-amd64/jre/lib/amd64/libverify.so
7fb211ddb000-7fb211de2000 r-xp 00000000 fd:01 5120                       /lib/x86_64-linux-gnu/librt-2.23.so
7fb211de2000-7fb211fe1000 ---p 00007000 fd:01 5120                       /lib/x86_64-linux-gnu/librt-2.23.so
7fb211fe1000-7fb211fe2000 r--p 00006000 fd:01 5120                       /lib/x86_64-linux-gnu/librt-2.23.so
7fb211fe2000-7fb211fe3000 rw-p 00007000 fd:01 5120                       /lib/x86_64-linux-gnu/librt-2.23.so
7fb211fe3000-7fb211ff9000 r-xp 00000000 fd:01 3821                       /lib/x86_64-linux-gnu/libgcc_s.so.1
7fb211ff9000-7fb2121f8000 ---p 00016000 fd:01 3821                       /lib/x86_64-linux-gnu/libgcc_s.so.1
7fb2121f8000-7fb2121f9000 rw-p 00015000 fd:01 3821                       /lib/x86_64-linux-gnu/libgcc_s.so.1
7fb2121f9000-7fb212301000 r-xp 00000000 fd:01 5140                       /lib/x86_64-linux-gnu/libm-2.23.so
7fb212301000-7fb212500000 ---p 00108000 fd:01 5140                       /lib/x86_64-linux-gnu/libm-2.23.so
7fb212500000-7fb212501000 r--p 00107000 fd:01 5140                       /lib/x86_64-linux-gnu/libm-2.23.so
7fb212501000-7fb212502000 rw-p 00108000 fd:01 5140                       /lib/x86_64-linux-gnu/libm-2.23.so
7fb212502000-7fb212674000 r-xp 00000000 fd:01 2347                       /usr/lib/x86_64-linux-gnu/libstdc++.so.6.0.21
7fb212674000-7fb212874000 ---p 00172000 fd:01 2347                       /usr/lib/x86_64-linux-gnu/libstdc++.so.6.0.21
7fb212874000-7fb21287e000 r--p 00172000 fd:01 2347                       /usr/lib/x86_64-linux-gnu/libstdc++.so.6.0.21
7fb21287e000-7fb212880000 rw-p 0017c000 fd:01 2347                       /usr/lib/x86_64-linux-gnu/libstdc++.so.6.0.21
7fb212880000-7fb212884000 rw-p 00000000 00:00 0 
7fb212884000-7fb2134e8000 r-xp 00000000 fd:01 659483                     /usr/lib/jvm/java-8-openjdk-amd64/jre/lib/amd64/server/libjvm.so
7fb2134e8000-7fb2136e7000 ---p 00c64000 fd:01 659483                     /usr/lib/jvm/java-8-openjdk-amd64/jre/lib/amd64/server/libjvm.so
7fb2136e7000-7fb21377b000 r--p 00c63000 fd:01 659483                     /usr/lib/jvm/java-8-openjdk-amd64/jre/lib/amd64/server/libjvm.so
7fb21377b000-7fb2137a4000 rw-p 00cf7000 fd:01 659483                     /usr/lib/jvm/java-8-openjdk-amd64/jre/lib/amd64/server/libjvm.so
7fb2137a4000-7fb2137d4000 rw-p 00000000 00:00 0 
7fb2137d4000-7fb2137ec000 r-xp 00000000 fd:01 5124                       /lib/x86_64-linux-gnu/libpthread-2.23.so
7fb2137ec000-7fb2139eb000 ---p 00018000 fd:01 5124                       /lib/x86_64-linux-gnu/libpthread-2.23.so
7fb2139eb000-7fb2139ec000 r--p 00017000 fd:01 5124                       /lib/x86_64-linux-gnu/libpthread-2.23.so
7fb2139ec000-7fb2139ed000 rw-p 00018000 fd:01 5124                       /lib/x86_64-linux-gnu/libpthread-2.23.so
7fb2139ed000-7fb2139f1000 rw-p 00000000 00:00 0 
7fb2139f1000-7fb2139f4000 r-xp 00000000 fd:01 5122                       /lib/x86_64-linux-gnu/libdl-2.23.so
7fb2139f4000-7fb213bf3000 ---p 00003000 fd:01 5122                       /lib/x86_64-linux-gnu/libdl-2.23.so
7fb213bf3000-7fb213bf4000 r--p 00002000 fd:01 5122                       /lib/x86_64-linux-gnu/libdl-2.23.so
7fb213bf4000-7fb213bf5000 rw-p 00003000 fd:01 5122                       /lib/x86_64-linux-gnu/libdl-2.23.so
7fb213bf5000-7fb213c0e000 r-xp 00000000 fd:01 22009                      /lib/x86_64-linux-gnu/libz.so.1.2.8
7fb213c0e000-7fb213e0d000 ---p 00019000 fd:01 22009                      /lib/x86_64-linux-gnu/libz.so.1.2.8
7fb213e0d000-7fb213e0e000 r--p 00018000 fd:01 22009                      /lib/x86_64-linux-gnu/libz.so.1.2.8
7fb213e0e000-7fb213e0f000 rw-p 00019000 fd:01 22009                      /lib/x86_64-linux-gnu/libz.so.1.2.8
7fb213e0f000-7fb213fcf000 r-xp 00000000 fd:01 5137                       /lib/x86_64-linux-gnu/libc-2.23.so
7fb213fcf000-7fb2141cf000 ---p 001c0000 fd:01 5137                       /lib/x86_64-linux-gnu/libc-2.23.so
7fb2141cf000-7fb2141d3000 r--p 001c0000 fd:01 5137                       /lib/x86_64-linux-gnu/libc-2.23.so
7fb2141d3000-7fb2141d5000 rw-p 001c4000 fd:01 5137                       /lib/x86_64-linux-gnu/libc-2.23.so
7fb2141d5000-7fb2141d9000 rw-p 00000000 00:00 0 
7fb2141d9000-7fb2141e6000 r-xp 00000000 fd:01 659464                     /usr/lib/jvm/java-8-openjdk-amd64/jre/lib/amd64/jli/libjli.so
7fb2141e6000-7fb2143e5000 ---p 0000d000 fd:01 659464                     /usr/lib/jvm/java-8-openjdk-amd64/jre/lib/amd64/jli/libjli.so
7fb2143e5000-7fb2143e6000 r--p 0000c000 fd:01 659464                     /usr/lib/jvm/java-8-openjdk-amd64/jre/lib/amd64/jli/libjli.so
7fb2143e6000-7fb2143e7000 rw-p 0000d000 fd:01 659464                     /usr/lib/jvm/java-8-openjdk-amd64/jre/lib/amd64/jli/libjli.so
7fb2143e7000-7fb21440d000 r-xp 00000000 fd:01 5123                       /lib/x86_64-linux-gnu/ld-2.23.so
7fb21440d000-7fb214410000 r--s 0000f000 fd:01 659428                     /usr/lib/jvm/java-8-openjdk-amd64/jre/lib/ext/icedtea-sound.jar
7fb214410000-7fb2144f5000 rw-p 00000000 00:00 0 
7fb2144f5000-7fb2144fd000 rw-s 00000000 fd:01 793793                     /tmp/hsperfdata_ubuntu/13340
7fb2144fd000-7fb214500000 ---p 00000000 00:00 0 
7fb214500000-7fb214602000 rw-p 00000000 00:00 0 
7fb214602000-7fb214603000 r--s 0000a000 fd:01 659430                     /usr/lib/jvm/java-8-openjdk-amd64/jre/lib/ext/jaccess.jar
7fb214603000-7fb214604000 r--s 00010000 fd:01 659435                     /usr/lib/jvm/java-8-openjdk-amd64/jre/lib/ext/zipfs.jar
7fb214604000-7fb214609000 r--s 0003c000 fd:01 659434                     /usr/lib/jvm/java-8-openjdk-amd64/jre/lib/ext/sunjce_provider.jar
7fb214609000-7fb21460a000 rw-p 00000000 00:00 0 
7fb21460a000-7fb21460b000 r--p 00000000 00:00 0 
7fb21460b000-7fb21460c000 rw-p 00000000 00:00 0 
7fb21460c000-7fb21460d000 r--p 00025000 fd:01 5123                       /lib/x86_64-linux-gnu/ld-2.23.so
7fb21460d000-7fb21460e000 rw-p 00026000 fd:01 5123                       /lib/x86_64-linux-gnu/ld-2.23.so
7fb21460e000-7fb21460f000 rw-p 00000000 00:00 0 
7ffe8d12f000-7ffe8d150000 rw-p 00000000 00:00 0                          [stack]
7ffe8d1e8000-7ffe8d1ea000 r--p 00000000 00:00 0                          [vvar]
7ffe8d1ea000-7ffe8d1ec000 r-xp 00000000 00:00 0                          [vdso]
ffffffffff600000-ffffffffff601000 r-xp 00000000 00:00 0                  [vsyscall]

VM Arguments:
jvm_args: -Djava.library.path=. 
java_command: Hello
java_class_path (initial): .
Launcher Type: SUN_STANDARD

Environment Variables:
PATH=/usr/local/sbin:/usr/local/bin:/usr/sbin:/usr/bin:/sbin:/bin:/usr/games:/usr/local/games:/snap/bin
SHELL=/bin/bash

Signal Handlers:
SIGSEGV: [libjvm.so+0xa783e0], sa_mask[0]=11111111011111111101111111111110, sa_flags=SA_RESTART|SA_SIGINFO
SIGBUS: [libjvm.so+0xa783e0], sa_mask[0]=11111111011111111101111111111110, sa_flags=SA_RESTART|SA_SIGINFO
SIGFPE: [libjvm.so+0x8c0e10], sa_mask[0]=11111111011111111101111111111110, sa_flags=SA_RESTART|SA_SIGINFO
SIGPIPE: [libjvm.so+0x8c0e10], sa_mask[0]=11111111011111111101111111111110, sa_flags=SA_RESTART|SA_SIGINFO
SIGXFSZ: [libjvm.so+0x8c0e10], sa_mask[0]=11111111011111111101111111111110, sa_flags=SA_RESTART|SA_SIGINFO
SIGILL: [libjvm.so+0x8c0e10], sa_mask[0]=11111111011111111101111111111110, sa_flags=SA_RESTART|SA_SIGINFO
SIGUSR1: SIG_DFL, sa_mask[0]=00000000000000000000000000000000, sa_flags=none
SIGUSR2: [libjvm.so+0x8c0cc0], sa_mask[0]=00000000000000000000000000000000, sa_flags=SA_RESTART|SA_SIGINFO
SIGHUP: [libjvm.so+0x8c1350], sa_mask[0]=11111111011111111101111111111110, sa_flags=SA_RESTART|SA_SIGINFO
SIGINT: [libjvm.so+0x8c1350], sa_mask[0]=11111111011111111101111111111110, sa_flags=SA_RESTART|SA_SIGINFO
SIGTERM: [libjvm.so+0x8c1350], sa_mask[0]=11111111011111111101111111111110, sa_flags=SA_RESTART|SA_SIGINFO
SIGQUIT: [libjvm.so+0x8c1350], sa_mask[0]=11111111011111111101111111111110, sa_flags=SA_RESTART|SA_SIGINFO


---------------  S Y S T E M  ---------------

OS:DISTRIB_ID=Ubuntu
DISTRIB_RELEASE=16.04
DISTRIB_CODENAME=xenial
DISTRIB_DESCRIPTION="Ubuntu 16.04.6 LTS"

uname:Linux 4.4.0-98-generic #121-Ubuntu SMP Tue Oct 10 14:24:03 UTC 2017 x86_64
libc:glibc 2.23 NPTL 2.23 
rlimit: STACK 8192k, CORE 0k, NPROC 15649, NOFILE 1048576, AS infinity
load average:0.01 0.08 0.04

/proc/meminfo:
MemTotal:        4046500 kB
MemFree:         1445644 kB
MemAvailable:    3662772 kB
Buffers:          150480 kB
Cached:          2141036 kB
SwapCached:            0 kB
Active:          1159792 kB
Inactive:        1162736 kB
Active(anon):      33848 kB
Inactive(anon):     5240 kB
Active(file):    1125944 kB
Inactive(file):  1157496 kB
Unevictable:        3652 kB
Mlocked:            3652 kB
SwapTotal:             0 kB
SwapFree:              0 kB
Dirty:                48 kB
Writeback:             0 kB
AnonPages:         34676 kB
Mapped:            42992 kB
Shmem:              5656 kB
Slab:             243416 kB
SReclaimable:     221276 kB
SUnreclaim:        22140 kB
KernelStack:        2080 kB
PageTables:         2900 kB
NFS_Unstable:          0 kB
Bounce:                0 kB
WritebackTmp:          0 kB
CommitLimit:     2023248 kB
Committed_AS:     369236 kB
VmallocTotal:   34359738367 kB
VmallocUsed:           0 kB
VmallocChunk:          0 kB
HardwareCorrupted:     0 kB
AnonHugePages:      4096 kB
CmaTotal:              0 kB
CmaFree:               0 kB
HugePages_Total:       0
HugePages_Free:        0
HugePages_Rsvd:        0
HugePages_Surp:        0
Hugepagesize:       2048 kB
DirectMap4k:       71668 kB
DirectMap2M:     4122624 kB

container (cgroup) information:
container_type: cgroupv1
cpu_cpuset_cpus: 0-1
cpu_memory_nodes: 0
active_processor_count: 2
cpu_quota: -1
cpu_period: 100000
cpu_shares: -1
memory_limit_in_bytes: -1
memory_and_swap_limit_in_bytes: -2
memory_soft_limit_in_bytes: -1
memory_usage_in_bytes: 2000441344
memory_max_usage_in_bytes: 2154721280


CPU:total 2 (initial active 2) (2 cores per cpu, 1 threads per core) family 6 model 13 stepping 3, cmov, cx8, fxsr, mmx, sse, sse2, sse3, tsc

/proc/cpuinfo:
processor	: 0
vendor_id	: GenuineIntel
cpu family	: 6
model		: 13
model name	: QEMU Virtual CPU version (cpu64-rhel6)
stepping	: 3
microcode	: 0x1
cpu MHz		: 2899.998
cache size	: 4096 KB
physical id	: 0
siblings	: 2
core id		: 0
cpu cores	: 2
apicid		: 0
initial apicid	: 0
fpu		: yes
fpu_exception	: yes
cpuid level	: 4
wp		: yes
flags		: fpu de pse tsc msr pae mce cx8 apic mtrr pge mca cmov pse36 clflush mmx fxsr sse sse2 ht syscall nx lm nopl pni cx16 hypervisor lahf_lm
bugs		:
bogomips	: 5799.99
clflush size	: 64
cache_alignment	: 64
address sizes	: 46 bits physical, 48 bits virtual
power management:

processor	: 1
vendor_id	: GenuineIntel
cpu family	: 6
model		: 13
model name	: QEMU Virtual CPU version (cpu64-rhel6)
stepping	: 3
microcode	: 0x1
cpu MHz		: 2899.998
cache size	: 4096 KB
physical id	: 0
siblings	: 2
core id		: 1
cpu cores	: 2
apicid		: 1
initial apicid	: 1
fpu		: yes
fpu_exception	: yes
cpuid level	: 4
wp		: yes
flags		: fpu de pse tsc msr pae mce cx8 apic mtrr pge mca cmov pse36 clflush mmx fxsr sse sse2 ht syscall nx lm nopl pni cx16 hypervisor lahf_lm
bugs		:
bogomips	: 5799.99
clflush size	: 64
cache_alignment	: 64
address sizes	: 46 bits physical, 48 bits virtual
power management:



Memory: 4k page, physical 4046500k(1445644k free), swap 0k(0k free)

vm_info: OpenJDK 64-Bit Server VM (25.222-b10) for linux-amd64 JRE (1.8.0_222-8u222-b10-1ubuntu1~16.04.1-b10), built on Jul 18 2019 20:25:18 by "buildd" with gcc 5.4.0 20160609

time: Wed Aug  7 23:48:56 2019
timezone: UTC
elapsed time: 0 seconds (0d 0h 0m 0s)

